2018-09-25 10:25:18,809 INFO c.p.a.Main [main] Phon 3.0.0 (XXXXXXXXXXXX)
2018-09-25 10:25:18,820 INFO c.p.a.Main [main] Process 62516@thebe.local
2018-09-25 10:25:18,820 INFO c.p.a.Main [main] [VM Property] gopherProxySet = false
2018-09-25 10:25:18,820 INFO c.p.a.Main [main] [VM Property] awt.toolkit = sun.lwawt.macosx.LWCToolkit
2018-09-25 10:25:18,821 INFO c.p.a.Main [main] [VM Property] java.specification.version = 10
2018-09-25 10:25:18,821 INFO c.p.a.Main [main] [VM Property] file.encoding.pkg = sun.io
2018-09-25 10:25:18,821 INFO c.p.a.Main [main] [VM Property] sun.cpu.isalist = 
2018-09-25 10:25:18,821 INFO c.p.a.Main [main] [VM Property] sun.jnu.encoding = UTF-8
2018-09-25 10:25:18,821 INFO c.p.a.Main [main] [VM Property] java.class.path = /Users/ghedlund/Documents/Phon/gitprojects/phon/app/target/classes:/Users/ghedlund/.m2/repository/org/antlr/stringtemplate/3.2.1/stringtemplate-3.2.1.jar:/Users/ghedlund/.m2/repository/antlr/antlr/2.7.7/antlr-2.7.7.jar:/Users/ghedlund/Documents/Phon/gitprojects/phon/project/target/classes:/Users/ghedlund/Documents/Phon/gitprojects/phon/xml/target/classes:/Users/ghedlund/Documents/Phon/gitprojects/phon/session/target/classes:/Users/ghedlund/Documents/Phon/gitprojects/phon/orthography/target/classes:/Users/ghedlund/Documents/Phon/gitprojects/phon/design-patterns/target/classes:/Users/ghedlund/Documents/Phon/gitprojects/phon/components/target/classes:/Users/ghedlund/.m2/repository/org/swinglabs/swingx/swingx-all/1.6.5-1/swingx-all-1.6.5-1.jar:/Users/ghedlund/.m2/repository/ca/hedlund/tst/0.3/tst-0.3.jar:/Users/ghedlund/.m2/repository/com/jgoodies/jgoodies-forms/1.9.0/jgoodies-forms-1.9.0.jar:/Users/ghedlund/Documents/Phon/gitprojects/jbreadcrumb/target/classes:/Users/ghedlund/.m2/repository/com/fifesoft/autocomplete/2.6.1/autocomplete-2.6.1.jar:/Users/ghedlund/Documents/Phon/gitprojects/nativedialogs/target/classes:/Users/ghedlund/Documents/Phon/gitprojects/phon/util/target/classes:/Users/ghedlund/.m2/repository/org/apache/commons/commons-lang3/3.1/commons-lang3-3.1.jar:/Users/ghedlund/.m2/repository/de/susebox/jtopas/0.8/jtopas-0.8.jar:/Users/ghedlund/Documents/Phon/gitprojects/desktopicons/target/classes:/Users/ghedlund/.m2/repository/org/apache/logging/log4j/log4j-core/2.11.1/log4j-core-2.11.1.jar:/Users/ghedlund/.m2/repository/org/apache/logging/log4j/log4j-api/2.11.1/log4j-api-2.11.1.jar:/Users/ghedlund/.m2/repository/org/apache/logging/log4j/log4j-slf4j-impl/2.11.1/log4j-slf4j-impl-2.11.1.jar:/Users/ghedlund/.m2/repository/org/apache/logging/log4j/log4j-1.2-api/2.11.1/log4j-1.2-api-2.11.1.jar:/Users/ghedlund/Documents/Phon/gitprojects/phon/media/target/classes:/Users/ghedlund/.m2/repository/uk/co/caprica/vlcj/3.9.0/vlcj-3.9.0.jar:/Users/ghedlund/.m2/repository/net/java/dev/jna/jna/3.5.2/jna-3.5.2.jar:/Users/ghedlund/.m2/repository/net/java/dev/jna/platform/3.5.2/platform-3.5.2.jar:/Users/ghedlund/Documents/Phon/gitprojects/phon/ipamap/target/classes:/Users/ghedlund/Documents/Phon/gitprojects/phon/ipa/target/classes:/Users/ghedlund/Documents/Phon/gitprojects/opgraph/common-nodes/target/classes:/Users/ghedlund/Documents/Phon/gitprojects/opgraph/core/target/classes:/Users/ghedlund/Documents/Phon/gitprojects/opgraph/app/target/classes:/Users/ghedlund/Documents/Phon/gitprojects/opgraph/library/target/classes:/Users/ghedlund/Documents/Phon/gitprojects/opgraph/xml-io/target/classes:/Users/ghedlund/.m2/repository/net/sf/opencsv/opencsv/2.3/opencsv-2.3.jar:/Users/ghedlund/Documents/Phon/gitprojects/phon/ipadictionary/target/classes:/Users/ghedlund/.m2/repository/org/antlr/antlr/3.5.2/antlr-3.5.2.jar:/Users/ghedlund/.m2/repository/org/antlr/antlr-runtime/3.5.2/antlr-runtime-3.5.2.jar:/Users/ghedlund/.m2/repository/org/antlr/ST4/4.0.8/ST4-4.0.8.jar:/Users/ghedlund/.m2/repository/org/apache/derby/derby/10.10.2.0/derby-10.10.2.0.jar:/Users/ghedlund/Documents/Phon/gitprojects/phon/query/target/classes:/Users/ghedlund/Documents/Phon/gitprojects/phon/script/target/classes:/Users/ghedlund/.m2/repository/org/mozilla/rhino/1.7.7.1/rhino-1.7.7.1.jar:/Users/ghedlund/.m2/repository/com/fifesoft/rsyntaxtextarea/2.6.1/rsyntaxtextarea-2.6.1.jar:/Users/ghedlund/.m2/repository/org/codehaus/groovy/groovy-all/2.4.15/groovy-all-2.4.15.jar:/Users/ghedlund/.m2/repository/commons-io/commons-io/1.3.2/commons-io-1.3.2.jar:/Users/ghedlund/.m2/repository/commons-cli/commons-cli/1.2/commons-cli-1.2.jar:/Users/ghedlund/.m2/repository/org/apache/commons/commons-collections4/4.0/commons-collections4-4.0.jar:/Users/ghedlund/.m2/repository/org/apache/velocity/velocity/1.7/velocity-1.7.jar:/Users/ghedlund/.m2/repository/commons-collections/commons-collections/3.2.1/commons-collections-3.2.1.jar:/Users/ghedlund/.m2/repository/commons-lang/commons-lang/2.4/commons-lang-2.4.jar:/Users/ghedlund/.m2/repository/org/apache/velocity/velocity-tools/2.0/velocity-tools-2.0.jar:/Users/ghedlund/.m2/repository/commons-beanutils/commons-beanutils/1.7.0/commons-beanutils-1.7.0.jar:/Users/ghedlund/.m2/repository/commons-digester/commons-digester/1.8/commons-digester-1.8.jar:/Users/ghedlund/.m2/repository/commons-chain/commons-chain/1.1/commons-chain-1.1.jar:/Users/ghedlund/.m2/repository/commons-logging/commons-logging/1.1/commons-logging-1.1.jar:/Users/ghedlund/.m2/repository/javax/servlet/servlet-api/2.3/servlet-api-2.3.jar:/Users/ghedlund/.m2/repository/commons-validator/commons-validator/1.3.1/commons-validator-1.3.1.jar:/Users/ghedlund/.m2/repository/dom4j/dom4j/1.1/dom4j-1.1.jar:/Users/ghedlund/.m2/repository/oro/oro/2.0.8/oro-2.0.8.jar:/Users/ghedlund/.m2/repository/sslext/sslext/1.2-0/sslext-1.2-0.jar:/Users/ghedlund/.m2/repository/org/apache/struts/struts-core/1.3.8/struts-core-1.3.8.jar:/Users/ghedlund/.m2/repository/org/apache/struts/struts-taglib/1.3.8/struts-taglib-1.3.8.jar:/Users/ghedlund/.m2/repository/org/apache/struts/struts-tiles/1.3.8/struts-tiles-1.3.8.jar:/Users/ghedlund/.m2/repository/org/dockingframes/docking-frames-common/1.1.2-phon/docking-frames-common-1.1.2-phon.jar:/Users/ghedlund/.m2/repository/org/dockingframes/docking-frames-core/1.1.2-phon/docking-frames-core-1.1.2-phon.jar:/Users/ghedlund/.m2/repository/com/github/insubstantial/substance/7.2.1/substance-7.2.1.jar:/Users/ghedlund/.m2/repository/com/github/insubstantial/laf-widget/7.2.1/laf-widget-7.2.1.jar:/Users/ghedlund/.m2/repository/com/github/insubstantial/trident/7.2.1/trident-7.2.1-swing.jar:/Users/ghedlund/.m2/repository/com/github/insubstantial/laf-plugin/7.2.1/laf-plugin-7.2.1.jar:/Users/ghedlund/.m2/repository/com/github/insubstantial/substance-swingx/7.2.1/substance-swingx-7.2.1.jar:/Users/ghedlund/.m2/repository/org/swinglabs/swingx/swingx-core/1.6.3/swingx-core-1.6.3.jar:/Users/ghedlund/.m2/repository/org/swinglabs/swingx/swingx-autocomplete/1.6.3/swingx-autocomplete-1.6.3.jar:/Users/ghedlund/.m2/repository/org/swinglabs/swingx/swingx-common/1.6.3/swingx-common-1.6.3.jar:/Users/ghedlund/.m2/repository/org/swinglabs/swingx/swingx-action/1.6.3/swingx-action-1.6.3.jar:/Users/ghedlund/.m2/repository/org/swinglabs/swingx/swingx-plaf/1.6.3/swingx-plaf-1.6.3.jar:/Users/ghedlund/.m2/repository/org/swinglabs/swingx/swingx-painters/1.6.3/swingx-painters-1.6.3.jar:/Users/ghedlund/.m2/repository/com/jgoodies/jgoodies-looks/2.7.0/jgoodies-looks-2.7.0.jar:/Users/ghedlund/.m2/repository/com/jgoodies/jgoodies-common/1.8.1/jgoodies-common-1.8.1.jar:/Users/ghedlund/.m2/repository/net/lingala/zip4j/zip4j/1.3.2/zip4j-1.3.2.jar:/Users/ghedlund/.m2/repository/org/eclipse/jgit/org.eclipse.jgit/4.0.0.201506020755-rc3/org.eclipse.jgit-4.0.0.201506020755-rc3.jar:/Users/ghedlund/.m2/repository/com/jcraft/jsch/0.1.51/jsch-0.1.51.jar:/Users/ghedlund/.m2/repository/com/googlecode/javaewah/JavaEWAH/0.7.9/JavaEWAH-0.7.9.jar:/Users/ghedlund/.m2/repository/org/apache/httpcomponents/httpclient/4.1.3/httpclient-4.1.3.jar:/Users/ghedlund/.m2/repository/org/apache/httpcomponents/httpcore/4.1.4/httpcore-4.1.4.jar:/Users/ghedlund/.m2/repository/commons-codec/commons-codec/1.4/commons-codec-1.4.jar:/Users/ghedlund/.m2/repository/org/slf4j/slf4j-api/1.7.2/slf4j-api-1.7.2.jar:/Users/ghedlund/.m2/repository/org/eclipse/jgit/org.eclipse.jgit.ui/4.0.0.201506020755-rc3/org.eclipse.jgit.ui-4.0.0.201506020755-rc3.jar:/Users/ghedlund/.m2/repository/com/atlassian/commonmark/commonmark/0.6.0/commonmark-0.6.0.jar:/Users/ghedlund/.m2/repository/com/atlassian/commonmark/commonmark-ext-gfm-tables/0.6.0/commonmark-ext-gfm-tables-0.6.0.jar:/Users/ghedlund/.m2/repository/net/sourceforge/jexcelapi/jxl/2.6.12/jxl-2.6.12.jar:/Users/ghedlund/.m2/repository/log4j/log4j/1.2.14/log4j-1.2.14.jar:/Users/ghedlund/.m2/repository/org/jsoup/jsoup/1.11.2/jsoup-1.11.2.jar:/Users/ghedlund/Documents/Phon/gitprojects/jiss/jiss-blocks/target/classes:/Users/ghedlund/Documents/Phon/gitprojects/jiss/jiss-blocks/target/test-classes:/Users/ghedlund/Documents/Phon/gitprojects/jiss/jiss-core/target/classes:/jiss-core/target/test-classes:/Users/ghedlund/Documents/Phon/gitprojects/jiss/jiss-history/target/classes:/Users/ghedlund/Documents/Phon/gitprojects/jiss/jiss-history/target/test-classes:/Users/ghedlund/Documents/Phon/gitprojects/jiss/jiss-rsyntaxarea-input/target/classes:/jiss-rsyntaxarea-input/target/test-classes:/Users/ghedlund/Documents/Phon/gitprojects/phon-shell-plugin/target/classes:/Users/ghedlund/Documents/Phon/gitprojects/phon-shell-plugin/target/test-classes:/Users/ghedlund/Documents/Phon/gitprojects/jpraat/target/classes:/Users/ghedlund/Documents/Phon/gitprojects/jpraat/target/test-classes:/Users/ghedlund/Documents/Phon/gitprojects/phon-praat-plugin/target/classes:/phon-praat-plugin/target/test-classes:/Users/ghedlund/.m2/repository/ca/hedlund/libjpraat/0.16/libjpraat-0.16-darwin.jar:/Users/ghedlund/Documents/Phon/gitprojects/csv2phon/target/classes:/Users/ghedlund/Documents/Phon/gitprojects/csv2phon/target/test-classes:/Users/ghedlund/Documents/Phon/gitprojects/phon-macos-apphooks/target/classes:/Users/ghedlund/Documents/Phon/gitprojects/phon-macos-apphooks/target/test-classes:/Users/ghedlund/Documents/Phon/gitprojects/phon-egg/target/classes:/Users/ghedlund/Documents/Phon/gitprojects/phon-egg/target/test-classes:/Users/ghedlund/Documents/Phon/gitprojects/phon-update-plugin/target/classes:/phon-update-plugin/target/test-classes:/Users/ghedlund/.m2/repository/com/install4j/install4j-runtime/7.0.6/install4j-runtime-7.0.6.jar:/Users/ghedlund/Documents/Phon/gitprojects/phontalk/core/target/classes:/Users/ghedlund/Documents/Phon/gitprojects/phontalk/core/target/test-classes:/Users/ghedlund/Documents/Phon/gitprojects/phontalk/plugin/target/classes:/Users/ghedlund/Documents/Phon/gitprojects/phontalk/plugin/target/test-classes:/Users/ghedlund/.m2/repository/ca/phon/phon-dict-data/17/phon-dict-data-17.jar
2018-09-25 10:25:18,822 INFO c.p.a.Main [main] [VM Property] java.vm.vendor = "Oracle Corporation"
2018-09-25 10:25:18,823 INFO c.p.a.Main [main] [VM Property] sun.arch.data.model = 64
2018-09-25 10:25:18,823 INFO c.p.a.Main [main] [VM Property] swing.aatext = true
2018-09-25 10:25:18,823 INFO c.p.a.Main [main] [VM Property] java.vendor.url = http://java.oracle.com/
2018-09-25 10:25:18,823 INFO c.p.a.Main [main] [VM Property] user.timezone = America/St_Johns
2018-09-25 10:25:18,823 INFO c.p.a.Main [main] [VM Property] os.name = Mac OS X
2018-09-25 10:25:18,823 INFO c.p.a.Main [main] [VM Property] java.vm.specification.version = 10
2018-09-25 10:25:18,823 INFO c.p.a.Main [main] [VM Property] apple.laf.useScreenMenuBar = true
2018-09-25 10:25:18,823 INFO c.p.a.Main [main] [VM Property] sun.java.launcher = SUN_STANDARD
2018-09-25 10:25:18,823 INFO c.p.a.Main [main] [VM Property] user.country = CA
2018-09-25 10:25:18,824 INFO c.p.a.Main [main] [VM Property] sun.boot.library.path = /Library/Java/JavaVirtualMachines/jdk-10.0.2.jdk/Contents/Home/lib
2018-09-25 10:25:18,824 INFO c.p.a.Main [main] [VM Property] sun.java.command = ca.phon.app.Main
2018-09-25 10:25:18,824 INFO c.p.a.Main [main] [VM Property] http.nonProxyHosts = local|*.local|169.254/16|*.169.254/16
2018-09-25 10:25:18,824 INFO c.p.a.Main [main] [VM Property] jdk.debug = release
2018-09-25 10:25:18,824 INFO c.p.a.Main [main] [VM Property] sun.cpu.endian = little
2018-09-25 10:25:18,824 INFO c.p.a.Main [main] [VM Property] user.home = /Users/ghedlund
2018-09-25 10:25:18,824 INFO c.p.a.Main [main] [VM Property] user.language = en
2018-09-25 10:25:18,824 INFO c.p.a.Main [main] [VM Property] com.apple.mrj.application.live-resize = true
2018-09-25 10:25:18,824 INFO c.p.a.Main [main] [VM Property] java.specification.vendor = Oracle Corporation
2018-09-25 10:25:18,825 INFO c.p.a.Main [main] [VM Property] java.version.date = 2018-07-17
2018-09-25 10:25:18,825 INFO c.p.a.Main [main] [VM Property] java.home = /Library/Java/JavaVirtualMachines/jdk-10.0.2.jdk/Contents/Home
2018-09-25 10:25:18,825 INFO c.p.a.Main [main] [VM Property] file.separator = /
2018-09-25 10:25:18,825 INFO c.p.a.Main [main] [VM Property] java.vm.compressedOopsMode = Zero based
2018-09-25 10:25:18,825 INFO c.p.a.Main [main] [VM Property] line.separator = 

2018-09-25 10:25:18,825 INFO c.p.a.Main [main] [VM Property] java.specification.name = Java Platform API Specification
2018-09-25 10:25:18,825 INFO c.p.a.Main [main] [VM Property] java.vm.specification.vendor = Oracle Corporation
2018-09-25 10:25:18,825 INFO c.p.a.Main [main] [VM Property] java.awt.graphicsenv = sun.awt.CGraphicsEnvironment
2018-09-25 10:25:18,825 INFO c.p.a.Main [main] [VM Property] apple.awt.textantialiasing = on
2018-09-25 10:25:18,825 INFO c.p.a.Main [main] [VM Property] apple.awt.graphics.UseQuartz = true
2018-09-25 10:25:18,826 INFO c.p.a.Main [main] [VM Property] com.apple.macos.smallTabs = true
2018-09-25 10:25:18,826 INFO c.p.a.Main [main] [VM Property] sun.management.compiler = HotSpot 64-Bit Tiered Compilers
2018-09-25 10:25:18,826 INFO c.p.a.Main [main] [VM Property] ftp.nonProxyHosts = local|*.local|169.254/16|*.169.254/16
2018-09-25 10:25:18,826 INFO c.p.a.Main [main] [VM Property] java.runtime.version = 10.0.2+13
2018-09-25 10:25:18,826 INFO c.p.a.Main [main] [VM Property] user.name = ghedlund
2018-09-25 10:25:18,826 INFO c.p.a.Main [main] [VM Property] path.separator = :
2018-09-25 10:25:18,826 INFO c.p.a.Main [main] [VM Property] apple.awt.showGrowBox = true
2018-09-25 10:25:18,826 INFO c.p.a.Main [main] [VM Property] os.version = 10.13.5
2018-09-25 10:25:18,826 INFO c.p.a.Main [main] [VM Property] java.runtime.name = Java(TM) SE Runtime Environment
2018-09-25 10:25:18,826 INFO c.p.a.Main [main] [VM Property] file.encoding = UTF-8
2018-09-25 10:25:18,827 INFO c.p.a.Main [main] [VM Property] java.vm.name = Java HotSpot(TM) 64-Bit Server VM
2018-09-25 10:25:18,827 INFO c.p.a.Main [main] [VM Property] java.vendor.version = 18.3
2018-09-25 10:25:18,827 INFO c.p.a.Main [main] [VM Property] com.apple.mrj.application.apple.menu.about.name = Phon
2018-09-25 10:25:18,827 INFO c.p.a.Main [main] [VM Property] java.vendor.url.bug = http://bugreport.java.com/bugreport/
2018-09-25 10:25:18,827 INFO c.p.a.Main [main] [VM Property] java.io.tmpdir = /var/folders/26/jkk95fj15x335sf_j4r4m2ww0000gn/T/
2018-09-25 10:25:18,827 INFO c.p.a.Main [main] [VM Property] java.version = 10.0.2
2018-09-25 10:25:18,827 INFO c.p.a.Main [main] [VM Property] user.dir = /Users/ghedlund/Documents/Phon/gitprojects/phon/app
2018-09-25 10:25:18,827 INFO c.p.a.Main [main] [VM Property] os.arch = x86_64
2018-09-25 10:25:18,827 INFO c.p.a.Main [main] [VM Property] java.vm.specification.name = Java Virtual Machine Specification
2018-09-25 10:25:18,827 INFO c.p.a.Main [main] [VM Property] java.awt.printerjob = sun.lwawt.macosx.CPrinterJob
2018-09-25 10:25:18,827 INFO c.p.a.Main [main] [VM Property] sun.os.patch.level = unknown
2018-09-25 10:25:18,828 INFO c.p.a.Main [main] [VM Property] java.library.path = /Users/ghedlund/Library/Java/Extensions:/Library/Java/Extensions:/Network/Library/Java/Extensions:/System/Library/Java/Extensions:/usr/lib/java:.
2018-09-25 10:25:18,828 INFO c.p.a.Main [main] [VM Property] java.vendor = Oracle Corporation
2018-09-25 10:25:18,828 INFO c.p.a.Main [main] [VM Property] java.vm.info = mixed mode
2018-09-25 10:25:18,828 INFO c.p.a.Main [main] [VM Property] java.vm.version = 10.0.2+13
2018-09-25 10:25:18,828 INFO c.p.a.Main [main] [VM Property] sun.io.unicode.encoding = UnicodeBig
2018-09-25 10:25:18,828 INFO c.p.a.Main [main] [VM Property] java.class.version = 54.0
2018-09-25 10:25:18,828 INFO c.p.a.Main [main] [VM Property] socksNonProxyHosts = local|*.local|169.254/16|*.169.254/16
2018-09-25 10:25:18,828 INFO c.p.a.Main [main] [Other] Locale = en_CA
2018-09-25 10:25:18,829 INFO c.p.w.PhonWorker [PhonWorker-0] Starting worker thread: PhonWorker-0
2018-09-25 10:25:18,831 INFO c.p.p.PluginManager [main] Adding archive to dynamic class loader: /Users/ghedlund/Library/Application Support/Phon/plugins/orthomorpheme-8.jar
2018-09-25 10:25:20,253 INFO c.p.a.VLCInitHook [main] Initializing VLC library
2018-09-25 10:25:20,362 INFO u.c.c.v.Info [main] vlcj: 3.9.0
2018-09-25 10:25:20,362 INFO u.c.c.v.Info [main] java: 10.0.2 Oracle Corporation
2018-09-25 10:25:20,362 INFO u.c.c.v.Info [main] java home: /Library/Java/JavaVirtualMachines/jdk-10.0.2.jdk/Contents/Home
2018-09-25 10:25:20,362 INFO u.c.c.v.Info [main] os: Mac OS X 10.13.5 x86_64
2018-09-25 10:25:20,366 INFO c.p.m.VLCHelper [main] Using vlcj 3.9.0
2018-09-25 10:25:20,367 INFO c.p.m.VLCHelper [main] Found libVLC 2.2.6 Umbrella at /Applications/VLC.app/Contents/MacOS/lib/libvlc.dylib
2018-09-25 10:25:20,367 INFO c.p.a.IPADictionaryInitHook [main] Initializing IPA Dictionaries
2018-09-25 10:25:20,369 INFO c.p.i.i.IPADatabaseManager [main] [IPADatabaseManager]: Loading JDBC driver - org.apache.derby.jdbc.EmbeddedDriver
2018-09-25 10:25:20,530 INFO c.p.i.i.IPADatabaseManager [main] [IPADatabaseManager]: Database location = /Users/ghedlund/Library/Application Support/Phon/ipadb, maxConnections = 10
2018-09-25 10:25:20,530 INFO c.p.a.JavaFXStartupHook [main] Setting JavaFX Platform implicit exit to false
2018-09-25 10:25:20,535 INFO c.p.a.JavaFXStartupHook [AWT-EventQueue-0] Initializing JavaFX
2018-09-25 10:25:20,536 INFO c.phon [main] Loading syllabifiers
2018-09-25 10:25:22,749 INFO c.p.a.Main [main] Starting WelcomeWindow
2018-09-25 10:25:23,128 INFO c.phon [AWT-EventQueue-0] Checking for updates
2018-09-25 10:25:25,516 INFO c.p.a.JavaFXShutdownHook [AWT-EventQueue-0] Shutdown JavaFX
2018-09-25 10:25:25,518 INFO c.p.w.PhonWorker [Shutdown Hook] Starting worker thread: Shutdown Hook
2018-09-25 10:25:25,520 INFO c.p.a.JavaFXShutdownHook [Shutdown Hook] Shutdown JavaFX
