#
# A fatal error has been detected by the Java Runtime Environment:
#
#  SIGSEGV (0xb) at pc=0x0000000106b17454, pid=18628, tid=52015
#
# JRE version: Java(TM) SE Runtime Environment (8.0_65-b17) (build 1.8.0_65-b17)
# Java VM: Java HotSpot(TM) 64-Bit Server VM (25.65-b01 mixed mode bsd-amd64 compressed oops)
# Problematic frame:
# V  [libjvm.dylib+0x317454]  jni_GetObjectField+0x6e
#
# Failed to write core dump. Core dumps have been disabled. To enable core dumping, try "ulimit -c unlimited" before starting Java again
#
# If you would like to submit a bug report, please visit:
#   http://bugreport.java.com/bugreport/crash.jsp
#

---------------  T H R E A D  ---------------

Current thread (0x00007f9c60a77800):  JavaThread "AWT-EventQueue-0" [_thread_in_vm, id=52015, stack(0x000070000f298000,0x000070000f398000)]

siginfo: si_signo: 11 (SIGSEGV), si_code: 1 (SEGV_MAPERR), si_addr: 0x0000000000000000

Registers:
RAX=0x00000001070d4b04, RBX=0x0000000000000152, RCX=0x0000000107015310, RDX=0x0000000000000152
RSP=0x000070000f3956d0, RBP=0x000070000f395730, RSI=0x0000000000000000, RDI=0x00007f9c60a779f8
R8 =0x0000000000000030, R9 =0x00007f9c6d1192c0, R10=0x00000000ffff8000, R11=0x0000000000000077
R12=0x00007f9c6d505e20, R13=0x00000001906d3188, R14=0x0000000000000000, R15=0x00007f9c60a77800
RIP=0x0000000106b17454, EFLAGS=0x0000000000010202, ERR=0x0000000000000004
  TRAPNO=0x000000000000000e

Top of Stack: (sp=0x000070000f3956d0)
0x000070000f3956d0:   00007f9c60a779f8 00007f9c60a77800
0x000070000f3956e0:   0000000000000000 00007f9c60a77800
0x000070000f3956f0:   000070000f395730 00007f9c60a77800
0x000070000f395700:   00007f9c60a77800 00007f9c60a779f8
0x000070000f395710:   00007f9c6d505e20 00000001906d3188
0x000070000f395720:   0000000000000000 0000000124015500
0x000070000f395730:   000070000f395760 0000000121ae538b
0x000070000f395740:   0000000000000000 00007f9c6d1caad0
0x000070000f395750:   00007f9c6d1192c0 00007f9c60a779f8
0x000070000f395760:   000070000f395790 0000000123fd8a7a
0x000070000f395770:   00000001906d3188 0000000000000000
0x000070000f395780:   000070000f395be0 00007f9c60a77800
0x000070000f395790:   000070000f3958f0 000000017df531ff
0x000070000f3957a0:   00007f9c6d0cc368 000000017df56e6f
0x000070000f3957b0:   000070000f395820 0000000106b11ade
0x000070000f3957c0:   00007f9c684371a0 00007f9c60a77800
0x000070000f3957d0:   0000000000000000 0000000106b11962
0x000070000f3957e0:   000070000f395800 00007f9c60a77800
0x000070000f3957f0:   00007f9c60a77800 00000001906d3188
0x000070000f395800:   0000000000000000 00000001906d3188
0x000070000f395810:   000070000f395be0 0000000060a77800
0x000070000f395820:   00007f9c6d1caad0 01007f9c6d0cc368
0x000070000f395830:   000070000f395be0 00007f9c60a779f8
0x000070000f395840:   0000003000000018 000070000f395870
0x000070000f395850:   000070000f395770 25f6d04d885e000f
0x000070000f395860:   000070000f3958b0 000000017df5275b
0x000070000f395870:   00007f9c68437190 0000000000000000
0x000070000f395880:   01007f9c00000000 000000017df56e73
0x000070000f395890:   00007f9c6d1caad0 00007f9c80010004
0x000070000f3958a0:   0000000123fd8b5f 0000000123fd8b2b
0x000070000f3958b0:   000070000f3958f0 000000017df537b7
0x000070000f3958c0:   000070000f3958f0 000070000f395be0 

Instructions: (pc=0x0000000106b17454)
0x0000000106b17434:   7d a8 e8 41 9e 19 00 48 8b 7d a0 4c 89 f6 48 89
0x0000000106b17444:   da 90 0f 1f 40 00 48 8d 05 b3 d6 5b 00 80 38 00
0x0000000106b17454:   49 8b 16 74 16 48 8d 05 70 94 51 00 8a 48 08 44
0x0000000106b17464:   8b 62 08 49 d3 e4 4c 03 20 eb 04 4c 8b 62 08 49 

Register to memory mapping:

RAX=0x00000001070d4b04: UseCompressedClassPointers+0 in /Library/Java/JavaVirtualMachines/jdk1.8.0_65.jdk/Contents/Home/jre/lib/server/libjvm.dylib at 0x0000000106800000
RBX=0x0000000000000152 is an unknown value
RCX=0x0000000107015310: UseMembar+0 in /Library/Java/JavaVirtualMachines/jdk1.8.0_65.jdk/Contents/Home/jre/lib/server/libjvm.dylib at 0x0000000106800000
RDX=0x0000000000000152 is an unknown value
RSP=0x000070000f3956d0 is pointing into the stack for thread: 0x00007f9c60a77800
RBP=0x000070000f395730 is pointing into the stack for thread: 0x00007f9c60a77800
RSI=0x0000000000000000 is an unknown value
RDI=0x00007f9c60a779f8 is an unknown value
R8 =0x0000000000000030 is an unknown value
R9 =0x00007f9c6d1192c0 is an unknown value
R10=0x00000000ffff8000 is an unknown value
R11=0x0000000000000077 is an unknown value
R12=0x00007f9c6d505e20 is a global jni handle
R13={method} {0x00000001906d3188} 'nativeShowMessageDialog' '(Lca/phon/ui/nativedialogs/MessageDialogProperties;)V' in 'ca/phon/ui/nativedialogs/NativeDialogs'
R14=0x0000000000000000 is an unknown value
R15=0x00007f9c60a77800 is a thread


Stack: [0x000070000f298000,0x000070000f398000],  sp=0x000070000f3956d0,  free space=1013k
Native frames: (J=compiled Java code, j=interpreted, Vv=VM code, C=native code)
V  [libjvm.dylib+0x317454]  jni_GetObjectField+0x6e
C  [JavaNativeFoundation+0x238b]  JNFGetObjectField+0x3a
C  [libawt_lwawt.dylib+0x44a7a]  awt_DrawingSurface_GetDrawingSurfaceInfo+0x46
C  [nativedialogs8956657302056675891ca.phon.ui.nativedialogs.NativeUtilities+0x21ff]  convertToNSWindow(JNIEnv_*, _jobject*)+0x17f
C  [nativedialogs8956657302056675891ca.phon.ui.nativedialogs.NativeUtilities+0x4bfa]  Java_ca_phon_ui_nativedialogs_NativeDialogs_nativeShowMessageDialog+0xea
j  ca.phon.ui.nativedialogs.NativeDialogs.nativeShowMessageDialog(Lca/phon/ui/nativedialogs/MessageDialogProperties;)V+0
j  ca.phon.ui.nativedialogs.NativeDialogs.showMessageDialog(Lca/phon/ui/nativedialogs/MessageDialogProperties;)Ljava/lang/Integer;+37
j  ca.phon.ui.CommonModuleFrame.close()V+57
j  ca.phon.app.opgraph.wizard.NodeWizard.close()V+86
j  ca.phon.ui.CommonModuleFrame$2.windowClosed(Ljava/awt/event/WindowEvent;)V+18
j  java.awt.AWTEventMulticaster.windowClosed(Ljava/awt/event/WindowEvent;)V+21
j  java.awt.Window.processWindowEvent(Ljava/awt/event/WindowEvent;)V+78
j  javax.swing.JFrame.processWindowEvent(Ljava/awt/event/WindowEvent;)V+2
j  java.awt.Window.processEvent(Ljava/awt/AWTEvent;)V+69
j  java.awt.Component.dispatchEventImpl(Ljava/awt/AWTEvent;)V+589
J 17006 C2 java.awt.Container.dispatchEventImpl(Ljava/awt/AWTEvent;)V (129 bytes) @ 0x000000010a9ea84c [0x000000010a9ea300+0x54c]
J 9793 C2 java.awt.Window.dispatchEventImpl(Ljava/awt/AWTEvent;)V (23 bytes) @ 0x00000001094749cc [0x0000000109474980+0x4c]
J 4217 C2 java.awt.EventQueue.dispatchEventImpl(Ljava/awt/AWTEvent;Ljava/lang/Object;)V (149 bytes) @ 0x0000000108326714 [0x0000000108326420+0x2f4]
J 7169 C2 java.awt.EventQueue$3.run()Ljava/lang/Object; (5 bytes) @ 0x0000000108d55b2c [0x0000000108d55ac0+0x6c]
v  ~StubRoutines::call_stub
V  [libjvm.dylib+0x2eab02]  JavaCalls::call_helper(JavaValue*, methodHandle*, JavaCallArguments*, Thread*)+0x6ae
V  [libjvm.dylib+0x34afcc]  JVM_DoPrivileged+0x4b8
J 2306  java.security.AccessController.doPrivileged(Ljava/security/PrivilegedAction;Ljava/security/AccessControlContext;)Ljava/lang/Object; (0 bytes) @ 0x0000000107f151d5 [0x0000000107f15100+0xd5]
J 4186 C2 java.awt.EventQueue$4.run()Ljava/lang/Object; (5 bytes) @ 0x000000010809e194 [0x000000010809e000+0x194]
v  ~StubRoutines::call_stub
V  [libjvm.dylib+0x2eab02]  JavaCalls::call_helper(JavaValue*, methodHandle*, JavaCallArguments*, Thread*)+0x6ae
V  [libjvm.dylib+0x34afcc]  JVM_DoPrivileged+0x4b8
J 2306  java.security.AccessController.doPrivileged(Ljava/security/PrivilegedAction;Ljava/security/AccessControlContext;)Ljava/lang/Object; (0 bytes) @ 0x0000000107f151d5 [0x0000000107f15100+0xd5]
J 12750 C2 java.awt.EventDispatchThread.pumpOneEventForFilters(I)V (295 bytes) @ 0x0000000109d46f60 [0x0000000109d463c0+0xba0]
j  java.awt.EventDispatchThread.pumpEventsForFilter(ILjava/awt/Conditional;Ljava/awt/EventFilter;)V+35
j  java.awt.EventDispatchThread.pumpEventsForHierarchy(ILjava/awt/Conditional;Ljava/awt/Component;)V+11
j  java.awt.EventDispatchThread.pumpEvents(ILjava/awt/Conditional;)V+4
j  java.awt.EventDispatchThread.pumpEvents(Ljava/awt/Conditional;)V+3
j  java.awt.EventDispatchThread.run()V+9
v  ~StubRoutines::call_stub
V  [libjvm.dylib+0x2eab02]  JavaCalls::call_helper(JavaValue*, methodHandle*, JavaCallArguments*, Thread*)+0x6ae
V  [libjvm.dylib+0x2eb290]  JavaCalls::call_virtual(JavaValue*, KlassHandle, Symbol*, Symbol*, JavaCallArguments*, Thread*)+0x164
V  [libjvm.dylib+0x2eb43c]  JavaCalls::call_virtual(JavaValue*, Handle, KlassHandle, Symbol*, Symbol*, Thread*)+0x4a
V  [libjvm.dylib+0x345959]  thread_entry(JavaThread*, Thread*)+0x7c
V  [libjvm.dylib+0x5612d3]  JavaThread::thread_main_inner()+0x9b
V  [libjvm.dylib+0x5629ce]  JavaThread::run()+0x1c2
V  [libjvm.dylib+0x48342e]  java_start(Thread*)+0xf6
C  [libsystem_pthread.dylib+0x3aab]  _pthread_body+0xb4
C  [libsystem_pthread.dylib+0x39f7]  _pthread_body+0x0
C  [libsystem_pthread.dylib+0x31fd]  thread_start+0xd
C  0x0000000000000000

Java frames: (J=compiled Java code, j=interpreted, Vv=VM code)
j  ca.phon.ui.nativedialogs.NativeDialogs.nativeShowMessageDialog(Lca/phon/ui/nativedialogs/MessageDialogProperties;)V+0
j  ca.phon.ui.nativedialogs.NativeDialogs.showMessageDialog(Lca/phon/ui/nativedialogs/MessageDialogProperties;)Ljava/lang/Integer;+37
j  ca.phon.ui.CommonModuleFrame.close()V+57
j  ca.phon.app.opgraph.wizard.NodeWizard.close()V+86
j  ca.phon.ui.CommonModuleFrame$2.windowClosed(Ljava/awt/event/WindowEvent;)V+18
j  java.awt.AWTEventMulticaster.windowClosed(Ljava/awt/event/WindowEvent;)V+21
j  java.awt.Window.processWindowEvent(Ljava/awt/event/WindowEvent;)V+78
j  javax.swing.JFrame.processWindowEvent(Ljava/awt/event/WindowEvent;)V+2
j  java.awt.Window.processEvent(Ljava/awt/AWTEvent;)V+69
j  java.awt.Component.dispatchEventImpl(Ljava/awt/AWTEvent;)V+589
J 17006 C2 java.awt.Container.dispatchEventImpl(Ljava/awt/AWTEvent;)V (129 bytes) @ 0x000000010a9ea84c [0x000000010a9ea300+0x54c]
J 9793 C2 java.awt.Window.dispatchEventImpl(Ljava/awt/AWTEvent;)V (23 bytes) @ 0x00000001094749cc [0x0000000109474980+0x4c]
J 4217 C2 java.awt.EventQueue.dispatchEventImpl(Ljava/awt/AWTEvent;Ljava/lang/Object;)V (149 bytes) @ 0x0000000108326714 [0x0000000108326420+0x2f4]
J 7169 C2 java.awt.EventQueue$3.run()Ljava/lang/Object; (5 bytes) @ 0x0000000108d55b2c [0x0000000108d55ac0+0x6c]
v  ~StubRoutines::call_stub
J 2306  java.security.AccessController.doPrivileged(Ljava/security/PrivilegedAction;Ljava/security/AccessControlContext;)Ljava/lang/Object; (0 bytes) @ 0x0000000107f15163 [0x0000000107f15100+0x63]
J 4186 C2 java.awt.EventQueue$4.run()Ljava/lang/Object; (5 bytes) @ 0x000000010809e194 [0x000000010809e000+0x194]
v  ~StubRoutines::call_stub
J 2306  java.security.AccessController.doPrivileged(Ljava/security/PrivilegedAction;Ljava/security/AccessControlContext;)Ljava/lang/Object; (0 bytes) @ 0x0000000107f15163 [0x0000000107f15100+0x63]
J 12750 C2 java.awt.EventDispatchThread.pumpOneEventForFilters(I)V (295 bytes) @ 0x0000000109d46f60 [0x0000000109d463c0+0xba0]
j  java.awt.EventDispatchThread.pumpEventsForFilter(ILjava/awt/Conditional;Ljava/awt/EventFilter;)V+35
j  java.awt.EventDispatchThread.pumpEventsForHierarchy(ILjava/awt/Conditional;Ljava/awt/Component;)V+11
j  java.awt.EventDispatchThread.pumpEvents(ILjava/awt/Conditional;)V+4
j  java.awt.EventDispatchThread.pumpEvents(Ljava/awt/Conditional;)V+3
j  java.awt.EventDispatchThread.run()V+9
v  ~StubRoutines::call_stub

---------------  P R O C E S S  ---------------

Java Threads: ( => current thread )
  0x00007f9c6ca1b800 JavaThread "Prism Font Disposer" daemon [_thread_blocked, id=88951, stack(0x0000700010554000,0x0000700010654000)]
  0x00007f9c6ce97000 JavaThread "Disposer" daemon [_thread_blocked, id=88323, stack(0x0000700010451000,0x0000700010551000)]
  0x00007f9c6bd17000 JavaThread "Thread-9" daemon [_thread_in_native, id=87555, stack(0x000070000f18f000,0x000070000f20f000)]
  0x00007f9c6ce0c800 JavaThread "Thread-8" daemon [_thread_blocked, id=86623, stack(0x000070001034e000,0x000070001044e000)]
  0x00007f9c6ce0b800 JavaThread "QuantumRenderer-0" daemon [_thread_blocked, id=85467, stack(0x000070001024b000,0x000070001034b000)]
  0x00007f9c6e44b000 JavaThread "SwingWorker-pool-2-thread-1" daemon [_thread_blocked, id=81167, stack(0x0000700010148000,0x0000700010248000)]
  0x00007f9c631d4800 JavaThread "ForkJoinPool.commonPool-worker-4" daemon [_thread_blocked, id=78639, stack(0x000070000fbb6000,0x000070000fcb6000)]
  0x00007f9c6272c800 JavaThread "ForkJoinPool.commonPool-worker-5" daemon [_thread_blocked, id=5539, stack(0x000070000fab3000,0x000070000fbb3000)]
  0x00007f9c5f406800 JavaThread "ForkJoinPool.commonPool-worker-3" daemon [_thread_blocked, id=80719, stack(0x000070000f727000,0x000070000f827000)]
  0x00007f9c60e6a800 JavaThread "TimerQueue" daemon [_thread_blocked, id=74443, stack(0x000070000f9b0000,0x000070000fab0000)]
  0x00007f9c5f2ba000 JavaThread "Thread-4" daemon [_thread_blocked, id=71691, stack(0x000070000f82a000,0x000070000f92a000)]
  0x00007f9c62ae5000 JavaThread "DestroyJavaVM" [_thread_blocked, id=7171, stack(0x000070000d9c7000,0x000070000dac7000)]
  0x00007f9c60c98800 JavaThread "Timer-1" daemon [_thread_blocked, id=67331, stack(0x000070000f624000,0x000070000f724000)]
  0x00007f9c6241f000 JavaThread "Java2D Disposer" daemon [_thread_blocked, id=61955, stack(0x000070000f521000,0x000070000f621000)]
  0x00007f9c6299c000 JavaThread "Java2D Queue Flusher" daemon [_thread_blocked, id=59655, stack(0x000070000f39b000,0x000070000f49b000)]
=>0x00007f9c60a77800 JavaThread "AWT-EventQueue-0" [_thread_in_vm, id=52015, stack(0x000070000f298000,0x000070000f398000)]
  0x00007f9c60af1800 JavaThread "AWT-Shutdown" [_thread_blocked, id=33311, stack(0x000070000ef89000,0x000070000f089000)]
  0x00007f9c5f038800 JavaThread "JavaFX Application Thread" daemon [_thread_in_native, id=775, stack(0x00007fff5aad9000,0x00007fff5b2d9000)]
  0x00007f9c60a4f800 JavaThread "PhonWorker-0" [_thread_blocked, id=22795, stack(0x000070000ee03000,0x000070000ef03000)]
  0x00007f9c6094c000 JavaThread "Timer-0" daemon [_thread_blocked, id=22275, stack(0x000070000ed00000,0x000070000ee00000)]
  0x00007f9c5f805800 JavaThread "Service Thread" daemon [_thread_blocked, id=21251, stack(0x000070000eafa000,0x000070000ebfa000)]
  0x00007f9c5f80f800 JavaThread "C1 CompilerThread3" daemon [_thread_blocked, id=20739, stack(0x000070000e9f7000,0x000070000eaf7000)]
  0x00007f9c63025000 JavaThread "C2 CompilerThread2" daemon [_thread_blocked, id=20227, stack(0x000070000e8f4000,0x000070000e9f4000)]
  0x00007f9c63024800 JavaThread "C2 CompilerThread1" daemon [_thread_blocked, id=19715, stack(0x000070000e7f1000,0x000070000e8f1000)]
  0x00007f9c60011000 JavaThread "C2 CompilerThread0" daemon [_thread_blocked, id=19203, stack(0x000070000e6ee000,0x000070000e7ee000)]
  0x00007f9c6001d800 JavaThread "Signal Dispatcher" daemon [_thread_blocked, id=18691, stack(0x000070000e5eb000,0x000070000e6eb000)]
  0x00007f9c5f809800 JavaThread "Finalizer" daemon [_thread_blocked, id=14595, stack(0x000070000e4e8000,0x000070000e5e8000)]
  0x00007f9c5f809000 JavaThread "Reference Handler" daemon [_thread_blocked, id=14083, stack(0x000070000e3e5000,0x000070000e4e5000)]

Other Threads:
  0x00007f9c62836000 VMThread [stack: 0x000070000e2e2000,0x000070000e3e2000] [id=13571]
  0x00007f9c6082c800 WatcherThread [stack: 0x000070000ebfd000,0x000070000ecfd000] [id=21763]

VM state:not at safepoint (normal execution)

VM Mutex/Monitor currently owned by a thread: None

Heap:
 PSYoungGen      total 1356288K, used 355786K [0x000000076ab00000, 0x00000007bfd80000, 0x00000007c0000000)
  eden space 1339904K, 25% used [0x000000076ab00000,0x000000077f67fad0,0x00000007bc780000)
  from space 16384K, 99% used [0x00000007bc780000,0x00000007bd772e10,0x00000007bd780000)
  to   space 27648K, 0% used [0x00000007be280000,0x00000007be280000,0x00000007bfd80000)
 ParOldGen       total 699392K, used 108564K [0x00000006c0000000, 0x00000006eab00000, 0x000000076ab00000)
  object space 699392K, 15% used [0x00000006c0000000,0x00000006c6a052b8,0x00000006eab00000)
 Metaspace       used 83539K, capacity 96612K, committed 96728K, reserved 1134592K
  class space    used 10646K, capacity 11481K, committed 11520K, reserved 1048576K

Card table byte_map: [0x0000000104dba000,0x00000001055bb000] byte_map_base: 0x00000001017ba000

Marking Bits: (ParMarkBitMap*) 0x00000001070dee20
 Begin Bits: [0x0000000116cdf000, 0x000000011acdf000)
 End Bits:   [0x000000011acdf000, 0x000000011ecdf000)

Polling page: 0x00000001049e7000

CodeCache: size=245760Kb used=51558Kb max_used=51640Kb free=194201Kb
 bounds [0x0000000107789000, 0x000000010aa49000, 0x0000000116789000]
 total_blobs=14784 nmethods=13638 adapters=1054
 compilation: enabled

Compilation events (10 events):
Event: 940.482 Thread 0x00007f9c63025000 nmethod 17107 0x0000000107d08850 code [0x0000000107d089a0, 0x0000000107d089f8]
Event: 940.493 Thread 0x00007f9c5f80f800 17108       3       sun.java2d.SurfaceData::getSourceSurfaceData (110 bytes)
Event: 940.495 Thread 0x00007f9c5f80f800 nmethod 17108 0x00000001084dd410 code [0x00000001084dd620, 0x00000001084de1f8]
Event: 940.498 Thread 0x00007f9c5f80f800 17109   !   3       java.awt.KeyboardFocusManager::getFirstHWRequest (36 bytes)
Event: 940.498 Thread 0x00007f9c5f80f800 nmethod 17109 0x000000010832fe10 code [0x000000010832ffc0, 0x00000001083305a8]
Event: 940.513 Thread 0x00007f9c63024800 nmethod 17099 0x000000010aa34e10 code [0x000000010aa35260, 0x000000010aa38518]
Event: 941.047 Thread 0x00007f9c5f80f800 17110       3       com.sun.webkit.graphics.WCRectangle::setFrame (22 bytes)
Event: 941.047 Thread 0x00007f9c5f80f800 nmethod 17110 0x0000000108912510 code [0x0000000108912660, 0x00000001089127d0]
Event: 941.099 Thread 0x00007f9c5f80f800 17111       1       javax.swing.JMenu::getComponent (2 bytes)
Event: 941.099 Thread 0x00007f9c5f80f800 nmethod 17111 0x00000001089c9050 code [0x00000001089c91a0, 0x00000001089c92b0]

GC Heap History (10 events):
Event: 455.688 GC heap before
{Heap before GC invocations=20 (full 3):
 PSYoungGen      total 1289728K, used 1268390K [0x000000076ab00000, 0x00000007bc880000, 0x00000007c0000000)
  eden space 1263104K, 100% used [0x000000076ab00000,0x00000007b7c80000,0x00000007b7c80000)
  from space 26624K, 19% used [0x00000007b9700000,0x00000007b9c29800,0x00000007bb100000)
  to   space 27136K, 0% used [0x00000007b7c80000,0x00000007b7c80000,0x00000007b9700000)
 ParOldGen       total 699392K, used 55551K [0x00000006c0000000, 0x00000006eab00000, 0x000000076ab00000)
  object space 699392K, 7% used [0x00000006c0000000,0x00000006c363fdc0,0x00000006eab00000)
 Metaspace       used 54112K, capacity 61754K, committed 62040K, reserved 1103872K
  class space    used 6484K, capacity 6914K, committed 7040K, reserved 1048576K
Event: 455.697 GC heap after
Heap after GC invocations=20 (full 3):
 PSYoungGen      total 1290240K, used 8752K [0x000000076ab00000, 0x00000007bfe80000, 0x00000007c0000000)
  eden space 1263104K, 0% used [0x000000076ab00000,0x000000076ab00000,0x00000007b7c80000)
  from space 27136K, 32% used [0x00000007b7c80000,0x00000007b850c180,0x00000007b9700000)
  to   space 26112K, 0% used [0x00000007be500000,0x00000007be500000,0x00000007bfe80000)
 ParOldGen       total 699392K, used 59194K [0x00000006c0000000, 0x00000006eab00000, 0x000000076ab00000)
  object space 699392K, 8% used [0x00000006c0000000,0x00000006c39ce9d0,0x00000006eab00000)
 Metaspace       used 54112K, capacity 61754K, committed 62040K, reserved 1103872K
  class space    used 6484K, capacity 6914K, committed 7040K, reserved 1048576K
}
Event: 503.093 GC heap before
{Heap before GC invocations=21 (full 3):
 PSYoungGen      total 1290240K, used 1271856K [0x000000076ab00000, 0x00000007bfe80000, 0x00000007c0000000)
  eden space 1263104K, 100% used [0x000000076ab00000,0x00000007b7c80000,0x00000007b7c80000)
  from space 27136K, 32% used [0x00000007b7c80000,0x00000007b850c180,0x00000007b9700000)
  to   space 26112K, 0% used [0x00000007be500000,0x00000007be500000,0x00000007bfe80000)
 ParOldGen       total 699392K, used 59194K [0x00000006c0000000, 0x00000006eab00000, 0x000000076ab00000)
  object space 699392K, 8% used [0x00000006c0000000,0x00000006c39ce9d0,0x00000006eab00000)
 Metaspace       used 64093K, capacity 73248K, committed 73432K, reserved 1114112K
  class space    used 8160K, capacity 8667K, committed 8704K, reserved 1048576K
Event: 503.110 GC heap after
Heap after GC invocations=21 (full 3):
 PSYoungGen      total 1369088K, used 19031K [0x000000076ab00000, 0x00000007c0000000, 0x00000007c0000000)
  eden space 1342976K, 0% used [0x000000076ab00000,0x000000076ab00000,0x00000007bca80000)
  from space 26112K, 72% used [0x00000007be500000,0x00000007bf795e20,0x00000007bfe80000)
  to   space 27136K, 0% used [0x00000007bca80000,0x00000007bca80000,0x00000007be500000)
 ParOldGen       total 699392K, used 67515K [0x00000006c0000000, 0x00000006eab00000, 0x000000076ab00000)
  object space 699392K, 9% used [0x00000006c0000000,0x00000006c41eecf0,0x00000006eab00000)
 Metaspace       used 64093K, capacity 73248K, committed 73432K, reserved 1114112K
  class space    used 8160K, capacity 8667K, committed 8704K, reserved 1048576K
}
Event: 868.311 GC heap before
{Heap before GC invocations=22 (full 3):
 PSYoungGen      total 1369088K, used 1362007K [0x000000076ab00000, 0x00000007c0000000, 0x00000007c0000000)
  eden space 1342976K, 100% used [0x000000076ab00000,0x00000007bca80000,0x00000007bca80000)
  from space 26112K, 72% used [0x00000007be500000,0x00000007bf795e20,0x00000007bfe80000)
  to   space 27136K, 0% used [0x00000007bca80000,0x00000007bca80000,0x00000007be500000)
 ParOldGen       total 699392K, used 67515K [0x00000006c0000000, 0x00000006eab00000, 0x000000076ab00000)
  object space 699392K, 9% used [0x00000006c0000000,0x00000006c41eecf0,0x00000006eab00000)
 Metaspace       used 67164K, capacity 78042K, committed 78168K, reserved 1118208K
  class space    used 8445K, capacity 9029K, committed 9088K, reserved 1048576K
Event: 868.326 GC heap after
Heap after GC invocations=22 (full 3):
 PSYoungGen      total 1365504K, used 22266K [0x000000076ab00000, 0x00000007c0000000, 0x00000007c0000000)
  eden space 1342976K, 0% used [0x000000076ab00000,0x000000076ab00000,0x00000007bca80000)
  from space 22528K, 98% used [0x00000007bca80000,0x00000007be03e850,0x00000007be080000)
  to   space 29184K, 0% used [0x00000007be380000,0x00000007be380000,0x00000007c0000000)
 ParOldGen       total 699392K, used 79422K [0x00000006c0000000, 0x00000006eab00000, 0x000000076ab00000)
  object space 699392K, 11% used [0x00000006c0000000,0x00000006c4d8fa18,0x00000006eab00000)
 Metaspace       used 67164K, capacity 78042K, committed 78168K, reserved 1118208K
  class space    used 8445K, capacity 9029K, committed 9088K, reserved 1048576K
}
Event: 915.996 GC heap before
{Heap before GC invocations=23 (full 3):
 PSYoungGen      total 1365504K, used 1365242K [0x000000076ab00000, 0x00000007c0000000, 0x00000007c0000000)
  eden space 1342976K, 100% used [0x000000076ab00000,0x00000007bca80000,0x00000007bca80000)
  from space 22528K, 98% used [0x00000007bca80000,0x00000007be03e850,0x00000007be080000)
  to   space 29184K, 0% used [0x00000007be380000,0x00000007be380000,0x00000007c0000000)
 ParOldGen       total 699392K, used 79422K [0x00000006c0000000, 0x00000006eab00000, 0x000000076ab00000)
  object space 699392K, 11% used [0x00000006c0000000,0x00000006c4d8fa18,0x00000006eab00000)
 Metaspace       used 70420K, capacity 82516K, committed 82776K, reserved 1122304K
  class space    used 8917K, capacity 9567K, committed 9600K, reserved 1048576K
Event: 916.013 GC heap after
Heap after GC invocations=23 (full 3):
 PSYoungGen      total 1369088K, used 16548K [0x000000076ab00000, 0x00000007c0000000, 0x00000007c0000000)
  eden space 1339904K, 0% used [0x000000076ab00000,0x000000076ab00000,0x00000007bc780000)
  from space 29184K, 56% used [0x00000007be380000,0x00000007bf3a9380,0x00000007c0000000)
  to   space 28672K, 0% used [0x00000007bc780000,0x00000007bc780000,0x00000007be380000)
 ParOldGen       total 699392K, used 93827K [0x00000006c0000000, 0x00000006eab00000, 0x000000076ab00000)
  object space 699392K, 13% used [0x00000006c0000000,0x00000006c5ba0c48,0x00000006eab00000)
 Metaspace       used 70420K, capacity 82516K, committed 82776K, reserved 1122304K
  class space    used 8917K, capacity 9567K, committed 9600K, reserved 1048576K
}
Event: 919.217 GC heap before
{Heap before GC invocations=24 (full 3):
 PSYoungGen      total 1369088K, used 1356452K [0x000000076ab00000, 0x00000007c0000000, 0x00000007c0000000)
  eden space 1339904K, 100% used [0x000000076ab00000,0x00000007bc780000,0x00000007bc780000)
  from space 29184K, 56% used [0x00000007be380000,0x00000007bf3a9380,0x00000007c0000000)
  to   space 28672K, 0% used [0x00000007bc780000,0x00000007bc780000,0x00000007be380000)
 ParOldGen       total 699392K, used 93827K [0x00000006c0000000, 0x00000006eab00000, 0x000000076ab00000)
  object space 699392K, 13% used [0x00000006c0000000,0x00000006c5ba0c48,0x00000006eab00000)
 Metaspace       used 73242K, capacity 85722K, committed 85976K, reserved 1126400K
  class space    used 9142K, capacity 9858K, committed 9984K, reserved 1048576K
Event: 919.244 GC heap after
Heap after GC invocations=24 (full 3):
 PSYoungGen      total 1356288K, used 16331K [0x000000076ab00000, 0x00000007bfd80000, 0x00000007c0000000)
  eden space 1339904K, 0% used [0x000000076ab00000,0x000000076ab00000,0x00000007bc780000)
  from space 16384K, 99% used [0x00000007bc780000,0x00000007bd772e10,0x00000007bd780000)
  to   space 27648K, 0% used [0x00000007be280000,0x00000007be280000,0x00000007bfd80000)
 ParOldGen       total 699392K, used 108564K [0x00000006c0000000, 0x00000006eab00000, 0x000000076ab00000)
  object space 699392K, 15% used [0x00000006c0000000,0x00000006c6a052b8,0x00000006eab00000)
 Metaspace       used 73242K, capacity 85722K, committed 85976K, reserved 1126400K
  class space    used 9142K, capacity 9858K, committed 9984K, reserved 1048576K
}

Deoptimization events (10 events):
Event: 924.439 Thread 0x00007f9c60a77800 Uncommon trap: reason=class_check action=maybe_recompile pc=0x0000000109e75e94 method=java.awt.Component.dispatchEventImpl(Ljava/awt/AWTEvent;)V @ 229
Event: 924.453 Thread 0x00007f9c60a77800 Uncommon trap: reason=class_check action=maybe_recompile pc=0x00000001088c5e5c method=java.awt.LightweightDispatcher.processMouseEvent(Ljava/awt/event/MouseEvent;)Z @ 239
Event: 924.454 Thread 0x00007f9c60a77800 Uncommon trap: reason=class_check action=maybe_recompile pc=0x0000000109e75e94 method=java.awt.Component.dispatchEventImpl(Ljava/awt/AWTEvent;)V @ 229
Event: 924.488 Thread 0x00007f9c60a77800 Uncommon trap: reason=class_check action=maybe_recompile pc=0x00000001088c5e5c method=java.awt.LightweightDispatcher.processMouseEvent(Ljava/awt/event/MouseEvent;)Z @ 239
Event: 924.489 Thread 0x00007f9c60a77800 Uncommon trap: reason=class_check action=maybe_recompile pc=0x00000001088c5e5c method=java.awt.LightweightDispatcher.processMouseEvent(Ljava/awt/event/MouseEvent;)Z @ 239
Event: 926.119 Thread 0x00007f9c6ce0b800 Uncommon trap: reason=unstable_if action=reinterpret pc=0x0000000107c247e4 method=java.lang.Math.round(F)I @ 36
Event: 938.531 Thread 0x00007f9c60a77800 Uncommon trap: reason=speculate_class_check action=maybe_recompile pc=0x000000010a9fcbb4 method=java.awt.Component.dispatchEventImpl(Ljava/awt/AWTEvent;)V @ 506
Event: 938.595 Thread 0x00007f9c60a77800 Uncommon trap: reason=speculate_class_check action=maybe_recompile pc=0x000000010a9fcbb4 method=java.awt.Component.dispatchEventImpl(Ljava/awt/AWTEvent;)V @ 506
Event: 941.099 Thread 0x00007f9c60a77800 Uncommon trap: reason=speculate_class_check action=maybe_recompile pc=0x000000010a9fcbb4 method=java.awt.Component.dispatchEventImpl(Ljava/awt/AWTEvent;)V @ 506
Event: 941.179 Thread 0x00007f9c60a77800 Uncommon trap: reason=speculate_class_check action=maybe_recompile pc=0x000000010a9fcbb4 method=java.awt.Component.dispatchEventImpl(Ljava/awt/AWTEvent;)V @ 506

Internal exceptions (10 events):
Event: 919.451 Thread 0x00007f9c60a4f800 Exception <a 'java/lang/ClassNotFoundException': org/apache/velocity/tools/config/ToolConfigurationBeanInfo> (0x00000007708e81e0) thrown at [/Users/java_re/workspace/8-2-build-macosx-x86_64/jdk8u65/4987/hotspot/src/share/vm/classfile/systemDictionary.cpp,
Event: 919.452 Thread 0x00007f9c60a4f800 Exception <a 'java/lang/ClassNotFoundException': org/apache/velocity/tools/config/ToolConfigurationCustomizer> (0x00000007709400f0) thrown at [/Users/java_re/workspace/8-2-build-macosx-x86_64/jdk8u65/4987/hotspot/src/share/vm/classfile/systemDictionary.cp
Event: 919.694 Thread 0x00007f9c60a77800 Implicit null exception at 0x0000000108176102 to 0x0000000108176b60
Event: 919.736 Thread 0x00007f9c5f038800 Implicit null exception at 0x0000000107eecd51 to 0x0000000107eed3f9
Event: 919.750 Thread 0x00007f9c60a77800 Exception <a 'java/lang/NullPointerException'> (0x00000007747a57b8) thrown at [/Users/java_re/workspace/8-2-build-macosx-x86_64/jdk8u65/4987/hotspot/src/share/vm/interpreter/linkResolver.cpp, line 1178]
Event: 919.768 Thread 0x00007f9c5f038800 Exception <a 'java/lang/NullPointerException'> (0x0000000775f08848) thrown at [/Users/java_re/workspace/8-2-build-macosx-x86_64/jdk8u65/4987/hotspot/src/share/vm/interpreter/linkResolver.cpp, line 1178]
Event: 919.768 Thread 0x00007f9c5f038800 Exception <a 'java/lang/NullPointerException'> (0x0000000775f08848) thrown at [/Users/java_re/workspace/8-2-build-macosx-x86_64/jdk8u65/4987/hotspot/src/share/vm/prims/jvm.cpp, line 1390]
Event: 919.967 Thread 0x00007f9c5f038800 Exception <a 'sun/nio/fs/UnixException'> (0x0000000776986280) thrown at [/Users/java_re/workspace/8-2-build-macosx-x86_64/jdk8u65/4987/hotspot/src/share/vm/prims/jni.cpp, line 709]
Event: 919.970 Thread 0x00007f9c5f038800 Exception <a 'sun/nio/fs/UnixException'> (0x0000000776987b10) thrown at [/Users/java_re/workspace/8-2-build-macosx-x86_64/jdk8u65/4987/hotspot/src/share/vm/prims/jni.cpp, line 709]
Event: 920.192 Thread 0x00007f9c60a77800 Implicit null exception at 0x000000010a0c01f3 to 0x000000010a0c02ce

Events (10 events):
Event: 940.515 Thread 0x00007f9c63024800 flushing nmethod 0x0000000109bac690
Event: 940.515 Thread 0x00007f9c63024800 flushing nmethod 0x0000000109c85a10
Event: 941.049 Thread 0x00007f9c5f80f800 flushing nmethod 0x0000000109f244d0
Event: 941.049 Thread 0x00007f9c5f80f800 flushing nmethod 0x0000000109f24a90
Event: 941.099 Thread 0x00007f9c60a77800 Uncommon trap: trap_request=0xffffff76 fr.pc=0x000000010a9fcbb4
Event: 941.099 Thread 0x00007f9c60a77800 DEOPT PACKING pc=0x000000010a9fcbb4 sp=0x000070000f395a50
Event: 941.099 Thread 0x00007f9c60a77800 DEOPT UNPACKING pc=0x000000010778e229 sp=0x000070000f395a40 mode 2
Event: 941.179 Thread 0x00007f9c60a77800 Uncommon trap: trap_request=0xffffff76 fr.pc=0x000000010a9fcbb4
Event: 941.179 Thread 0x00007f9c60a77800 DEOPT PACKING pc=0x000000010a9fcbb4 sp=0x000070000f395a50
Event: 941.179 Thread 0x00007f9c60a77800 DEOPT UNPACKING pc=0x000000010778e229 sp=0x000070000f395a40 mode 2


Dynamic libraries:
0x000000000bcc4000 	/System/Library/Frameworks/Cocoa.framework/Versions/A/Cocoa
0x000000000bcc4000 	/System/Library/Frameworks/Security.framework/Versions/A/Security
0x000000000bcc4000 	/System/Library/Frameworks/ApplicationServices.framework/Versions/A/ApplicationServices
0x000000000bcc4000 	/usr/lib/libz.1.dylib
0x000000000bcc4000 	/usr/lib/libSystem.B.dylib
0x000000000bcc4000 	/usr/lib/libobjc.A.dylib
0x000000000bcc4000 	/System/Library/Frameworks/CoreFoundation.framework/Versions/A/CoreFoundation
0x000000000bcc4000 	/System/Library/Frameworks/Foundation.framework/Versions/C/Foundation
0x000000000bcc4000 	/System/Library/Frameworks/AppKit.framework/Versions/C/AppKit
0x000000000bcc4000 	/System/Library/Frameworks/CoreData.framework/Versions/A/CoreData
0x000000000bcc4000 	/System/Library/PrivateFrameworks/RemoteViewServices.framework/Versions/A/RemoteViewServices
0x000000000bcc4000 	/System/Library/PrivateFrameworks/UIFoundation.framework/Versions/A/UIFoundation
0x000000000bcc4000 	/System/Library/PrivateFrameworks/DFRFoundation.framework/Versions/A/DFRFoundation
0x000000000bcc4000 	/usr/lib/libenergytrace.dylib
0x000000000bcc4000 	/System/Library/PrivateFrameworks/SkyLight.framework/Versions/A/SkyLight
0x000000000bcc4000 	/System/Library/Frameworks/CoreGraphics.framework/Versions/A/CoreGraphics
0x000000000bcc4000 	/usr/lib/libScreenReader.dylib
0x000000000bcc4000 	/System/Library/Frameworks/Accelerate.framework/Versions/A/Accelerate
0x000000000bcc4000 	/System/Library/Frameworks/IOSurface.framework/Versions/A/IOSurface
0x000000000bcc4000 	/System/Library/Frameworks/AudioToolbox.framework/Versions/A/AudioToolbox
0x000000000bcc4000 	/System/Library/Frameworks/AudioUnit.framework/Versions/A/AudioUnit
0x000000000bcc4000 	/System/Library/PrivateFrameworks/DataDetectorsCore.framework/Versions/A/DataDetectorsCore
0x000000000bcc4000 	/System/Library/PrivateFrameworks/DesktopServicesPriv.framework/Versions/A/DesktopServicesPriv
0x000000000bcc4000 	/System/Library/Frameworks/Carbon.framework/Versions/A/Frameworks/HIToolbox.framework/Versions/A/HIToolbox
0x000000000bcc4000 	/usr/lib/libicucore.A.dylib
0x000000000bcc4000 	/System/Library/Frameworks/QuartzCore.framework/Versions/A/QuartzCore
0x000000000bcc4000 	/System/Library/Frameworks/Carbon.framework/Versions/A/Frameworks/SpeechRecognition.framework/Versions/A/SpeechRecognition
0x000000000bcc4000 	/usr/lib/libauto.dylib
0x000000000bcc4000 	/usr/lib/libxml2.2.dylib
0x000000000bcc4000 	/System/Library/PrivateFrameworks/CoreUI.framework/Versions/A/CoreUI
0x000000000bcc4000 	/System/Library/Frameworks/CoreAudio.framework/Versions/A/CoreAudio
0x000000000bcc4000 	/System/Library/Frameworks/DiskArbitration.framework/Versions/A/DiskArbitration
0x000000000bcc4000 	/usr/lib/liblangid.dylib
0x000000000bcc4000 	/System/Library/PrivateFrameworks/MultitouchSupport.framework/Versions/A/MultitouchSupport
0x000000000bcc4000 	/System/Library/Frameworks/IOKit.framework/Versions/A/IOKit
0x000000000bcc4000 	/usr/lib/libDiagnosticMessagesClient.dylib
0x000000000bcc4000 	/System/Library/Frameworks/CoreServices.framework/Versions/A/CoreServices
0x000000000bcc4000 	/System/Library/PrivateFrameworks/PerformanceAnalysis.framework/Versions/A/PerformanceAnalysis
0x000000000bcc4000 	/System/Library/PrivateFrameworks/GenerationalStorage.framework/Versions/A/GenerationalStorage
0x000000000bcc4000 	/System/Library/Frameworks/OpenGL.framework/Versions/A/OpenGL
0x000000000bcc4000 	/System/Library/Frameworks/CoreImage.framework/Versions/A/CoreImage
0x000000000bcc4000 	/System/Library/Frameworks/CoreText.framework/Versions/A/CoreText
0x000000000bcc4000 	/System/Library/Frameworks/ImageIO.framework/Versions/A/ImageIO
0x000000000bcc4000 	/System/Library/PrivateFrameworks/Backup.framework/Versions/A/Backup
0x000000000bcc4000 	/usr/lib/libarchive.2.dylib
0x000000000bcc4000 	/System/Library/Frameworks/CFNetwork.framework/Versions/A/CFNetwork
0x000000000bcc4000 	/System/Library/Frameworks/SystemConfiguration.framework/Versions/A/SystemConfiguration
0x000000000bcc4000 	/usr/lib/libCRFSuite.dylib
0x000000000bcc4000 	/usr/lib/libc++.1.dylib
0x000000000bcc4000 	/usr/lib/libc++abi.dylib
0x000000000bcc4000 	/usr/lib/system/libcache.dylib
0x000000000bcc4000 	/usr/lib/system/libcommonCrypto.dylib
0x000000000bcc4000 	/usr/lib/system/libcompiler_rt.dylib
0x000000000bcc4000 	/usr/lib/system/libcopyfile.dylib
0x000000000bcc4000 	/usr/lib/system/libcorecrypto.dylib
0x000000000bcc4000 	/usr/lib/system/libdispatch.dylib
0x000000000bcc4000 	/usr/lib/system/libdyld.dylib
0x000000000bcc4000 	/usr/lib/system/libkeymgr.dylib
0x000000000bcc4000 	/usr/lib/system/liblaunch.dylib
0x000000000bcc4000 	/usr/lib/system/libmacho.dylib
0x000000000bcc4000 	/usr/lib/system/libquarantine.dylib
0x000000000bcc4000 	/usr/lib/system/libremovefile.dylib
0x000000000bcc4000 	/usr/lib/system/libsystem_asl.dylib
0x000000000bcc4000 	/usr/lib/system/libsystem_blocks.dylib
0x000000000bcc4000 	/usr/lib/system/libsystem_c.dylib
0x000000000bcc4000 	/usr/lib/system/libsystem_configuration.dylib
0x000000000bcc4000 	/usr/lib/system/libsystem_coreservices.dylib
0x000000000bcc4000 	/usr/lib/system/libsystem_coretls.dylib
0x000000000bcc4000 	/usr/lib/system/libsystem_dnssd.dylib
0x000000000bcc4000 	/usr/lib/system/libsystem_info.dylib
0x000000000bcc4000 	/usr/lib/system/libsystem_kernel.dylib
0x000000000bcc4000 	/usr/lib/system/libsystem_m.dylib
0x000000000bcc4000 	/usr/lib/system/libsystem_malloc.dylib
0x000000000bcc4000 	/usr/lib/system/libsystem_network.dylib
0x000000000bcc4000 	/usr/lib/system/libsystem_networkextension.dylib
0x000000000bcc4000 	/usr/lib/system/libsystem_notify.dylib
0x000000000bcc4000 	/usr/lib/system/libsystem_platform.dylib
0x000000000bcc4000 	/usr/lib/system/libsystem_pthread.dylib
0x000000000bcc4000 	/usr/lib/system/libsystem_sandbox.dylib
0x000000000bcc4000 	/usr/lib/system/libsystem_secinit.dylib
0x000000000bcc4000 	/usr/lib/system/libsystem_symptoms.dylib
0x000000000bcc4000 	/usr/lib/system/libsystem_trace.dylib
0x000000000bcc4000 	/usr/lib/system/libunwind.dylib
0x000000000bcc4000 	/usr/lib/system/libxpc.dylib
0x000000000bcc4000 	/usr/lib/libbsm.0.dylib
0x000000000bcc4000 	/usr/lib/system/libkxld.dylib
0x000000000bcc4000 	/usr/lib/libcoretls.dylib
0x000000000bcc4000 	/usr/lib/libcoretls_cfhelpers.dylib
0x000000000bcc4000 	/usr/lib/libxar.1.dylib
0x000000000bcc4000 	/usr/lib/libsqlite3.dylib
0x000000000bcc4000 	/usr/lib/libpam.2.dylib
0x000000000bcc4000 	/usr/lib/libOpenScriptingUtil.dylib
0x000000000bcc4000 	/usr/lib/libbz2.1.0.dylib
0x000000000bcc4000 	/usr/lib/liblzma.5.dylib
0x000000000bcc4000 	/usr/lib/libnetwork.dylib
0x000000000bcc4000 	/usr/lib/libpcap.A.dylib
0x000000000bcc4000 	/System/Library/Frameworks/CoreServices.framework/Versions/A/Frameworks/FSEvents.framework/Versions/A/FSEvents
0x000000000bcc4000 	/System/Library/Frameworks/CoreServices.framework/Versions/A/Frameworks/CarbonCore.framework/Versions/A/CarbonCore
0x000000000bcc4000 	/System/Library/Frameworks/CoreServices.framework/Versions/A/Frameworks/Metadata.framework/Versions/A/Metadata
0x000000000bcc4000 	/System/Library/Frameworks/CoreServices.framework/Versions/A/Frameworks/OSServices.framework/Versions/A/OSServices
0x000000000bcc4000 	/System/Library/Frameworks/CoreServices.framework/Versions/A/Frameworks/SearchKit.framework/Versions/A/SearchKit
0x000000000bcc4000 	/System/Library/Frameworks/CoreServices.framework/Versions/A/Frameworks/AE.framework/Versions/A/AE
0x000000000bcc4000 	/System/Library/Frameworks/CoreServices.framework/Versions/A/Frameworks/LaunchServices.framework/Versions/A/LaunchServices
0x000000000bcc4000 	/System/Library/Frameworks/CoreServices.framework/Versions/A/Frameworks/DictionaryServices.framework/Versions/A/DictionaryServices
0x000000000bcc4000 	/System/Library/Frameworks/CoreServices.framework/Versions/A/Frameworks/SharedFileList.framework/Versions/A/SharedFileList
0x000000000bcc4000 	/System/Library/Frameworks/NetFS.framework/Versions/A/NetFS
0x000000000bcc4000 	/System/Library/PrivateFrameworks/NetAuth.framework/Versions/A/NetAuth
0x000000000bcc4000 	/System/Library/PrivateFrameworks/login.framework/Versions/A/Frameworks/loginsupport.framework/Versions/A/loginsupport
0x000000000bcc4000 	/System/Library/PrivateFrameworks/TCC.framework/Versions/A/TCC
0x000000000bcc4000 	/usr/lib/libmecabra.dylib
0x000000000bcc4000 	/System/Library/Frameworks/ApplicationServices.framework/Versions/A/Frameworks/ATS.framework/Versions/A/ATS
0x000000000bcc4000 	/System/Library/Frameworks/ApplicationServices.framework/Versions/A/Frameworks/ColorSync.framework/Versions/A/ColorSync
0x000000000bcc4000 	/System/Library/Frameworks/ApplicationServices.framework/Versions/A/Frameworks/HIServices.framework/Versions/A/HIServices
0x000000000bcc4000 	/System/Library/Frameworks/ApplicationServices.framework/Versions/A/Frameworks/LangAnalysis.framework/Versions/A/LangAnalysis
0x000000000bcc4000 	/System/Library/Frameworks/ApplicationServices.framework/Versions/A/Frameworks/PrintCore.framework/Versions/A/PrintCore
0x000000000bcc4000 	/System/Library/Frameworks/ApplicationServices.framework/Versions/A/Frameworks/QD.framework/Versions/A/QD
0x000000000bcc4000 	/System/Library/Frameworks/ApplicationServices.framework/Versions/A/Frameworks/SpeechSynthesis.framework/Versions/A/SpeechSynthesis
0x000000000bcc4000 	/System/Library/Frameworks/Accelerate.framework/Versions/A/Frameworks/vImage.framework/Versions/A/vImage
0x000000000bcc4000 	/System/Library/Frameworks/Accelerate.framework/Versions/A/Frameworks/vecLib.framework/Versions/A/vecLib
0x000000000bcc4000 	/System/Library/Frameworks/Accelerate.framework/Versions/A/Frameworks/vecLib.framework/Versions/A/libvDSP.dylib
0x000000000bcc4000 	/System/Library/Frameworks/Accelerate.framework/Versions/A/Frameworks/vecLib.framework/Versions/A/libBNNS.dylib
0x000000000bcc4000 	/System/Library/Frameworks/Accelerate.framework/Versions/A/Frameworks/vecLib.framework/Versions/A/libQuadrature.dylib
0x000000000bcc4000 	/System/Library/Frameworks/Accelerate.framework/Versions/A/Frameworks/vecLib.framework/Versions/A/libvMisc.dylib
0x000000000bcc4000 	/System/Library/Frameworks/Accelerate.framework/Versions/A/Frameworks/vecLib.framework/Versions/A/libLAPACK.dylib
0x000000000bcc4000 	/System/Library/Frameworks/Accelerate.framework/Versions/A/Frameworks/vecLib.framework/Versions/A/libBLAS.dylib
0x000000000bcc4000 	/System/Library/Frameworks/Accelerate.framework/Versions/A/Frameworks/vecLib.framework/Versions/A/libLinearAlgebra.dylib
0x000000000bcc4000 	/System/Library/Frameworks/Accelerate.framework/Versions/A/Frameworks/vecLib.framework/Versions/A/libSparseBLAS.dylib
0x000000000bcc4000 	/System/Library/Frameworks/ApplicationServices.framework/Versions/A/Frameworks/ATS.framework/Versions/A/Resources/libFontParser.dylib
0x000000000bcc4000 	/System/Library/Frameworks/ApplicationServices.framework/Versions/A/Frameworks/ATS.framework/Versions/A/Resources/libFontRegistry.dylib
0x000000000bcc4000 	/System/Library/Frameworks/ImageIO.framework/Versions/A/Resources/libJPEG.dylib
0x000000000bcc4000 	/System/Library/Frameworks/ImageIO.framework/Versions/A/Resources/libTIFF.dylib
0x000000000bcc4000 	/System/Library/Frameworks/ImageIO.framework/Versions/A/Resources/libPng.dylib
0x000000000bcc4000 	/System/Library/Frameworks/ImageIO.framework/Versions/A/Resources/libGIF.dylib
0x000000000bcc4000 	/System/Library/Frameworks/ImageIO.framework/Versions/A/Resources/libJP2.dylib
0x000000000bcc4000 	/System/Library/Frameworks/ImageIO.framework/Versions/A/Resources/libRadiance.dylib
0x000000000bcc4000 	/usr/lib/libcompression.dylib
0x000000000bcc4000 	/System/Library/PrivateFrameworks/AppleJPEG.framework/Versions/A/AppleJPEG
0x000000000bcc4000 	/usr/lib/libcups.2.dylib
0x000000000bcc4000 	/System/Library/Frameworks/Kerberos.framework/Versions/A/Kerberos
0x000000000bcc4000 	/System/Library/Frameworks/GSS.framework/Versions/A/GSS
0x000000000bcc4000 	/usr/lib/libresolv.9.dylib
0x000000000bcc4000 	/usr/lib/libiconv.2.dylib
0x000000000bcc4000 	/System/Library/PrivateFrameworks/Heimdal.framework/Versions/A/Heimdal
0x000000000bcc4000 	/usr/lib/libheimdal-asn1.dylib
0x000000000bcc4000 	/System/Library/Frameworks/OpenDirectory.framework/Versions/A/OpenDirectory
0x000000000bcc4000 	/System/Library/PrivateFrameworks/CommonAuth.framework/Versions/A/CommonAuth
0x000000000bcc4000 	/System/Library/Frameworks/OpenDirectory.framework/Versions/A/Frameworks/CFOpenDirectory.framework/Versions/A/CFOpenDirectory
0x000000000bcc4000 	/System/Library/Frameworks/SecurityFoundation.framework/Versions/A/SecurityFoundation
0x000000000bcc4000 	/System/Library/PrivateFrameworks/LanguageModeling.framework/Versions/A/LanguageModeling
0x000000000bcc4000 	/usr/lib/libmarisa.dylib
0x000000000bcc4000 	/usr/lib/libChineseTokenizer.dylib
0x000000000bcc4000 	/usr/lib/libcmph.dylib
0x000000000bcc4000 	/System/Library/PrivateFrameworks/CoreEmoji.framework/Versions/A/CoreEmoji
0x000000000bcc4000 	/System/Library/Frameworks/ServiceManagement.framework/Versions/A/ServiceManagement
0x000000000bcc4000 	/usr/lib/libxslt.1.dylib
0x000000000bcc4000 	/System/Library/Frameworks/Carbon.framework/Versions/A/Frameworks/Ink.framework/Versions/A/Ink
0x000000000bcc4000 	/System/Library/PrivateFrameworks/TextureIO.framework/Versions/A/TextureIO
0x000000000bcc4000 	/System/Library/Frameworks/Metal.framework/Versions/A/Metal
0x000000000bcc4000 	/usr/lib/libate.dylib
0x000000000bcc4000 	/System/Library/PrivateFrameworks/GPUCompiler.framework/libmetal_timestamp.dylib
0x000000000bcc4000 	/System/Library/Frameworks/OpenGL.framework/Versions/A/Libraries/libCoreFSCache.dylib
0x000000000bcc4000 	/System/Library/PrivateFrameworks/IOAccelerator.framework/Versions/A/IOAccelerator
0x000000000bcc4000 	/System/Library/Frameworks/CoreVideo.framework/Versions/A/CoreVideo
0x000000000bcc4000 	/usr/lib/libFosl_dynamic.dylib
0x000000000bcc4000 	/System/Library/PrivateFrameworks/MetalPerformanceShaders.framework/Versions/A/MetalPerformanceShaders
0x000000000bcc4000 	/System/Library/PrivateFrameworks/FaceCore.framework/Versions/A/FaceCore
0x000000000bcc4000 	/System/Library/Frameworks/OpenCL.framework/Versions/A/OpenCL
0x000000000bcc4000 	/System/Library/Frameworks/OpenGL.framework/Versions/A/Libraries/libGLU.dylib
0x000000000bcc4000 	/System/Library/Frameworks/OpenGL.framework/Versions/A/Libraries/libGFXShared.dylib
0x000000000bcc4000 	/System/Library/Frameworks/OpenGL.framework/Versions/A/Libraries/libGL.dylib
0x000000000bcc4000 	/System/Library/Frameworks/OpenGL.framework/Versions/A/Libraries/libGLImage.dylib
0x000000000bcc4000 	/System/Library/Frameworks/OpenGL.framework/Versions/A/Libraries/libCVMSPluginSupport.dylib
0x000000000bcc4000 	/System/Library/Frameworks/OpenGL.framework/Versions/A/Libraries/libCoreVMClient.dylib
0x000000000bcc4000 	/System/Library/PrivateFrameworks/CrashReporterSupport.framework/Versions/A/CrashReporterSupport
0x000000000bcc4000 	/System/Library/PrivateFrameworks/Sharing.framework/Versions/A/Sharing
0x000000000bcc4000 	/System/Library/PrivateFrameworks/IconServices.framework/Versions/A/IconServices
0x000000000bcc4000 	/System/Library/PrivateFrameworks/ProtocolBuffer.framework/Versions/A/ProtocolBuffer
0x000000000bcc4000 	/System/Library/PrivateFrameworks/Apple80211.framework/Versions/A/Apple80211
0x000000000bcc4000 	/System/Library/Frameworks/CoreWLAN.framework/Versions/A/CoreWLAN
0x000000000bcc4000 	/System/Library/PrivateFrameworks/CoreUtils.framework/Versions/A/CoreUtils
0x000000000bcc4000 	/System/Library/Frameworks/IOBluetooth.framework/Versions/A/IOBluetooth
0x000000000bcc4000 	/System/Library/PrivateFrameworks/CoreWiFi.framework/Versions/A/CoreWiFi
0x000000000bcc4000 	/System/Library/Frameworks/CoreBluetooth.framework/Versions/A/CoreBluetooth
0x000000000bcc4000 	/System/Library/Frameworks/CoreDisplay.framework/Versions/A/CoreDisplay
0x000000000bcc4000 	/System/Library/PrivateFrameworks/IOPresentment.framework/Versions/A/IOPresentment
0x000000000bcc4000 	/System/Library/PrivateFrameworks/DebugSymbols.framework/Versions/A/DebugSymbols
0x000000000bcc4000 	/System/Library/PrivateFrameworks/CoreSymbolication.framework/Versions/A/CoreSymbolication
0x000000000bcc4000 	/System/Library/PrivateFrameworks/Symbolication.framework/Versions/A/Symbolication
0x000000000bcc4000 	/System/Library/PrivateFrameworks/AppleFSCompression.framework/Versions/A/AppleFSCompression
0x000000000bcc4000 	/System/Library/PrivateFrameworks/SpeechRecognitionCore.framework/Versions/A/SpeechRecognitionCore
0x000000000bcc4000 	/System/Library/PrivateFrameworks/ChunkingLibrary.framework/Versions/A/ChunkingLibrary
0x0000000106800000 	/Library/Java/JavaVirtualMachines/jdk1.8.0_65.jdk/Contents/Home/jre/lib/server/libjvm.dylib
0x000000000bcc4000 	/usr/lib/libstdc++.6.dylib
0x00000001049a4000 	/Library/Java/JavaVirtualMachines/jdk1.8.0_65.jdk/Contents/Home/jre/lib/libverify.dylib
0x00000001049b2000 	/Library/Java/JavaVirtualMachines/jdk1.8.0_65.jdk/Contents/Home/jre/lib/libjava.dylib
0x00000001049f1000 	/Library/Java/JavaVirtualMachines/jdk1.8.0_65.jdk/Contents/Home/jre/lib/libzip.dylib
0x0000000105634000 	/System/Library/Frameworks/JavaVM.framework/Frameworks/JavaRuntimeSupport.framework/JavaRuntimeSupport
0x0000000121ae3000 	/System/Library/Frameworks/JavaVM.framework/Versions/A/Frameworks/JavaNativeFoundation.framework/Versions/A/JavaNativeFoundation
0x0000000121af8000 	/System/Library/Frameworks/JavaVM.framework/Versions/A/JavaVM
0x000000000bcc4000 	/System/Library/Frameworks/Carbon.framework/Versions/A/Carbon
0x0000000121b05000 	/System/Library/PrivateFrameworks/JavaLaunching.framework/Versions/A/JavaLaunching
0x000000000bcc4000 	/System/Library/Frameworks/Carbon.framework/Versions/A/Frameworks/CommonPanels.framework/Versions/A/CommonPanels
0x000000000bcc4000 	/System/Library/Frameworks/Carbon.framework/Versions/A/Frameworks/Help.framework/Versions/A/Help
0x000000000bcc4000 	/System/Library/Frameworks/Carbon.framework/Versions/A/Frameworks/ImageCapture.framework/Versions/A/ImageCapture
0x000000000bcc4000 	/System/Library/Frameworks/Carbon.framework/Versions/A/Frameworks/OpenScripting.framework/Versions/A/OpenScripting
0x000000000bcc4000 	/System/Library/Frameworks/Carbon.framework/Versions/A/Frameworks/Print.framework/Versions/A/Print
0x000000000bcc4000 	/System/Library/Frameworks/Carbon.framework/Versions/A/Frameworks/SecurityHI.framework/Versions/A/SecurityHI
0x0000000123707000 	/Library/Java/JavaVirtualMachines/jdk1.8.0_65.jdk/Contents/Home/jre/lib/libosx.dylib
0x0000000123715000 	/Library/Java/JavaVirtualMachines/jdk1.8.0_65.jdk/Contents/Home/jre/lib/./libosxapp.dylib
0x000000000bcc4000 	/System/Library/Frameworks/ExceptionHandling.framework/Versions/A/ExceptionHandling
0x0000000123df9000 	/Library/Java/JavaVirtualMachines/jdk1.8.0_65.jdk/Contents/Home/jre/lib/libnio.dylib
0x0000000123e09000 	/Library/Java/JavaVirtualMachines/jdk1.8.0_65.jdk/Contents/Home/jre/lib/./libnet.dylib
0x0000000123988000 	/Library/Java/JavaVirtualMachines/jdk1.8.0_65.jdk/Contents/Home/jre/lib/libmanagement.dylib
0x0000000123e20000 	/Library/Java/JavaVirtualMachines/jdk1.8.0_65.jdk/Contents/Home/jre/lib/libawt.dylib
0x0000000123ec8000 	/Library/Java/JavaVirtualMachines/jdk1.8.0_65.jdk/Contents/Home/jre/lib/./libmlib_image.dylib
0x0000000123f94000 	/Library/Java/JavaVirtualMachines/jdk1.8.0_65.jdk/Contents/Home/jre/lib/libawt_lwawt.dylib
0x000000000bcc4000 	/System/Library/PrivateFrameworks/CoreServicesInternal.framework/Versions/A/CoreServicesInternal
0x000000000bcc4000 	/System/Library/CoreServices/RawCamera.bundle/Contents/MacOS/RawCamera
0x000000000bcc4000 	/System/Library/Frameworks/Accelerate.framework/Versions/A/Frameworks/vImage.framework/Versions/A/Libraries/libCGInterfaces.dylib
0x000000000bcc4000 	/System/Library/Frameworks/ApplicationServices.framework/Versions/A/Frameworks/ATS.framework/Versions/A/Resources/libTrueTypeScaler.dylib
0x000000012615a000 	/System/Library/Frameworks/OpenGL.framework/Resources/GLEngine.bundle/GLEngine
0x000000012633e000 	/System/Library/Frameworks/OpenGL.framework/Versions/A/Libraries/libGLProgrammability.dylib
0x000000012676c000 	/System/Library/Extensions/AppleIntelHD5000GraphicsGLDriver.bundle/Contents/MacOS/AppleIntelHD5000GraphicsGLDriver
0x000000000bcc4000 	/System/Library/PrivateFrameworks/GPUSupport.framework/Versions/A/Libraries/libGPUSupportMercury.dylib
0x0000000123a2c000 	/System/Library/Frameworks/OpenGL.framework/Resources//GLRendererFloat.bundle/GLRendererFloat
0x000000000bcc4000 	/System/Library/Frameworks/OpenCL.framework/Versions/A/Libraries/libcldcpuengine.dylib
0x000000000bcc4000 	/usr/lib/libcrypto.0.9.8.dylib
0x000000000bcc4000 	/System/Library/PrivateFrameworks/TrustEvaluationAgent.framework/Versions/A/TrustEvaluationAgent
0x0000000126ecb000 	/System/Library/Extensions/AppleIntelHD5000GraphicsMTLDriver.bundle/Contents/MacOS/AppleIntelHD5000GraphicsMTLDriver
0x000000000bcc4000 	/System/Library/PrivateFrameworks/FamilyControls.framework/Versions/A/FamilyControls
0x000000000bcc4000 	/System/Library/PrivateFrameworks/CommerceKit.framework/Versions/A/Frameworks/CommerceCore.framework/Versions/A/CommerceCore
0x000000000bcc4000 	/System/Library/PrivateFrameworks/SystemAdministration.framework/Versions/A/SystemAdministration
0x000000000bcc4000 	/System/Library/PrivateFrameworks/AppContainer.framework/Versions/A/AppContainer
0x000000000bcc4000 	/System/Library/PrivateFrameworks/SecCodeWrapper.framework/Versions/A/SecCodeWrapper
0x000000000bcc4000 	/System/Library/Frameworks/DirectoryService.framework/Versions/A/DirectoryService
0x000000000bcc4000 	/System/Library/PrivateFrameworks/DiskImages.framework/Versions/A/DiskImages
0x000000000bcc4000 	/System/Library/PrivateFrameworks/LoginUIKit.framework/Versions/A/Frameworks/LoginUICore.framework/Versions/A/LoginUICore
0x000000000bcc4000 	/usr/lib/libCoreStorage.dylib
0x000000000bcc4000 	/usr/lib/libcsfde.dylib
0x000000000bcc4000 	/usr/lib/libodfde.dylib
0x000000000bcc4000 	/System/Library/Frameworks/DiscRecording.framework/Versions/A/DiscRecording
0x000000000bcc4000 	/usr/lib/libcurl.4.dylib
0x000000000bcc4000 	/System/Library/PrivateFrameworks/MediaKit.framework/Versions/A/MediaKit
0x000000000bcc4000 	/System/Library/PrivateFrameworks/ProtectedCloudStorage.framework/Versions/A/ProtectedCloudStorage
0x000000000bcc4000 	/System/Library/PrivateFrameworks/EFILogin.framework/Versions/A/EFILogin
0x000000000bcc4000 	/usr/lib/libutil.dylib
0x000000000bcc4000 	/System/Library/Frameworks/LDAP.framework/Versions/A/LDAP
0x000000000bcc4000 	/usr/lib/libsasl2.2.dylib
0x000000000bcc4000 	/System/Library/PrivateFrameworks/CoreDaemon.framework/Versions/B/CoreDaemon
0x000000000bcc4000 	/System/Library/PrivateFrameworks/AppleSRP.framework/Versions/A/AppleSRP
0x000000000bcc4000 	/System/Library/PrivateFrameworks/APFS.framework/Versions/A/APFS
0x00000001281ed000 	/Library/Java/JavaVirtualMachines/jdk1.8.0_65.jdk/Contents/Home/jre/lib/libfontmanager.dylib
0x000000000bcc4000 	/System/Library/PrivateFrameworks/ViewBridge.framework/Versions/A/ViewBridge
0x000000000bcc4000 	/System/Library/PrivateFrameworks/XPCService.framework/Versions/A/XPCService
0x000000000bcc4000 	/System/Library/PrivateFrameworks/AppSandbox.framework/Versions/A/AppSandbox
0x000000000bcc4000 	/usr/lib/libsandbox.1.dylib
0x000000000bcc4000 	/usr/lib/libMatch.1.dylib
0x0000000175f12000 	/private/var/folders/26/jkk95fj15x335sf_j4r4m2ww0000gn/T/jna-ghedlund/jna1581886611705529548.tmp
0x0000000175f27000 	/Applications/VLC.app/Contents/MacOS/lib/libvlc.dylib
0x0000000175f46000 	/Applications/VLC.app/Contents/MacOS/lib/libvlccore.8.dylib
0x00000001764c9000 	/var/folders/26/jkk95fj15x335sf_j4r4m2ww0000gn/T/jna-ghedlund/jna5542828386830895269.tmp
0x0000000123c6f000 	/Library/Java/JavaVirtualMachines/jdk1.8.0_65.jdk/Contents/Home/jre/lib/libosxui.dylib
0x0000000123cc3000 	/private/var/folders/26/jkk95fj15x335sf_j4r4m2ww0000gn/T/desktopicons1541254222738284232ca.hedlund.desktopicons.NativeUtilities
0x0000000123bcd000 	/Library/Java/JavaVirtualMachines/jdk1.8.0_65.jdk/Contents/Home/jre/lib/libjawt.dylib
0x0000000184613000 	/Library/Java/JavaVirtualMachines/jdk1.8.0_65.jdk/Contents/Home/jre/lib/libdcpr.dylib
0x000000000bcc4000 	/System/Library/PrivateFrameworks/Shortcut.framework/Versions/A/Shortcut
0x000000000bcc4000 	/System/Library/PrivateFrameworks/HelpData.framework/Versions/A/HelpData
0x000000017df51000 	/private/var/folders/26/jkk95fj15x335sf_j4r4m2ww0000gn/T/nativedialogs8956657302056675891ca.phon.ui.nativedialogs.NativeUtilities
0x0000000183618000 	/Library/Java/JavaVirtualMachines/jdk1.8.0_65.jdk/Contents/Home/jre/lib/libprism_es2.dylib
0x0000000188ca2000 	/Library/Java/JavaVirtualMachines/jdk1.8.0_65.jdk/Contents/Home/jre/lib/libglass.dylib
0x00000001b3014000 	/Library/Java/JavaVirtualMachines/jdk1.8.0_65.jdk/Contents/Home/jre/lib/libjfxwebkit.dylib
0x00000001835f7000 	/Library/Java/JavaVirtualMachines/jdk1.8.0_65.jdk/Contents/Home/jre/lib/libjavafx_font.dylib
0x00000001839d2000 	/Library/Java/JavaVirtualMachines/jdk1.8.0_65.jdk/Contents/Home/jre/lib/libprism_common.dylib

VM Arguments:
jvm_args: -Xms1024m -Xmx4096m -Dswing.aatext=true -Dcom.apple.mrj.application.apple.menu.about.name=Phon -Dcom.apple.macos.smallTabs=true -Dapple.laf.useScreenMenuBar=true -Dcom.apple.mrj.application.live-resize=true -Dapple.awt.textantialiasing=on -Dapple.awt.graphics.UseQuartz=true -Dapple.awt.showGrowBox=true -Dfile.encoding=UTF-8 -Dsun.jnu.encoding=UTF-8 -Dphon.debug=true 
java_command: ca.phon.app.Main
java_class_path (initial): /Users/ghedlund/Documents/Phon/gitprojects/phon/app/target/classes:/Library/Java/JavaVirtualMachines/jdk1.8.0_65.jdk/Contents/Home/jre/lib/ext/jfxrt.jar:/Users/ghedlund/.m2/repository/org/antlr/stringtemplate/3.2.1/stringtemplate-3.2.1.jar:/Users/ghedlund/.m2/repository/antlr/antlr/2.7.7/antlr-2.7.7.jar:/Users/ghedlund/Documents/Phon/gitprojects/phon/project/target/classes:/Users/ghedlund/Documents/Phon/gitprojects/phon/xml/target/classes:/Users/ghedlund/Documents/Phon/gitprojects/phon/session/target/classes:/Users/ghedlund/Documents/Phon/gitprojects/phon/orthography/target/classes:/Users/ghedlund/Documents/Phon/gitprojects/phon/design-patterns/target/classes:/Users/ghedlund/Documents/Phon/gitprojects/phon/workspace/target/classes:/Users/ghedlund/Documents/Phon/gitprojects/phon/components/target/classes:/Users/ghedlund/.m2/repository/org/swinglabs/swingx/swingx-all/1.6.5-1/swingx-all-1.6.5-1.jar:/Users/ghedlund/.m2/repository/ca/hedlund/tst/0.3/tst-0.3.jar:/Users/ghedlund/.m2/repository/com/jgoodies/jgoodies-forms/1.9.0/jgoodies-forms-1.9.0.jar:/Users/ghedlund/.m2/repository/ca/phon/jbreadcrumb/1-SNAPSHOT/jbreadcrumb-1-SNAPSHOT.jar:/Users/ghedlund/.m2/repository/ca/phon/native-dialogs/10/native-dialogs-10.jar:/Users/ghedlund/Documents/Phon/gitprojects/phon/util/target/classes:/Users/ghedlund/.m2/repository/org/apache/commons/commons-lang3/3.1/commons-lang3-3.1.jar:/Users/ghedlund/.m2/repository/de/susebox/jtopas/0.8/jtopas-0.8.jar:/Users/ghedlund/.m2/repository/ca/hedlund/desktopicons/1-SNAPSHOT/desktopicons-1-SNAPSHOT.jar:/Users/ghedlund/Documents/Phon/gitprojects/phon/media/target/classes:/Users/ghedlund/.m2/repository/uk/co/caprica/vlcj/3.9.0/vlcj-3.9.0.jar:/Users/ghedlund/.m2/repository/net/java/dev/jna/jna/3.5.2/jna-3.5.2.jar:/Users/ghedlund/.m2/repository/net/java/dev/jna/platform/3.5.2/platform-3.5.2.jar:/Users/ghedlund/Documents/Phon/gitprojects/phon/ipamap/target/classes:/Users/ghedlund/Documents/Phon/gitprojects/phon/ipa/target
Launcher Type: SUN_STANDARD

Environment Variables:
PATH=/usr/bin:/bin:/usr/sbin:/sbin
SHELL=/bin/zsh

Signal Handlers:
SIGSEGV: [libjvm.dylib+0x5a6d31], sa_mask[0]=11111111011111110111111111111111, sa_flags=SA_ONSTACK|SA_RESTART|SA_SIGINFO
SIGBUS: [libjvm.dylib+0x5a6d31], sa_mask[0]=11111111011111110111111111111111, sa_flags=SA_RESTART|SA_SIGINFO
SIGFPE: [libjvm.dylib+0x480a40], sa_mask[0]=11111111011111110111111111111111, sa_flags=SA_RESTART|SA_SIGINFO
SIGPIPE: [libjvm.dylib+0x480a40], sa_mask[0]=11111111011111110111111111111111, sa_flags=SA_RESTART|SA_SIGINFO
SIGXFSZ: [libjvm.dylib+0x480a40], sa_mask[0]=11111111011111110111111111111111, sa_flags=SA_RESTART|SA_SIGINFO
SIGILL: [libjvm.dylib+0x480a40], sa_mask[0]=11111111011111110111111111111111, sa_flags=SA_RESTART|SA_SIGINFO
SIGUSR1: SIG_DFL, sa_mask[0]=00000000000000000000000000000000, sa_flags=none
SIGUSR2: [libjvm.dylib+0x48055e], sa_mask[0]=00100000000000000000000000000000, sa_flags=SA_RESTART|SA_SIGINFO
SIGHUP: [libjvm.dylib+0x47eb35], sa_mask[0]=11111111011111110111111111111111, sa_flags=SA_RESTART|SA_SIGINFO
SIGINT: [libjvm.dylib+0x47eb35], sa_mask[0]=11111111011111110111111111111111, sa_flags=SA_RESTART|SA_SIGINFO
SIGTERM: [libjvm.dylib+0x47eb35], sa_mask[0]=11111111011111110111111111111111, sa_flags=SA_RESTART|SA_SIGINFO
SIGQUIT: [libjvm.dylib+0x47eb35], sa_mask[0]=11111111011111110111111111111111, sa_flags=SA_RESTART|SA_SIGINFO


---------------  S Y S T E M  ---------------

OS:Bsduname:Darwin 16.4.0 Darwin Kernel Version 16.4.0: Thu Dec 22 22:53:21 PST 2016; root:xnu-3789.41.3~3/RELEASE_X86_64 x86_64
rlimit: STACK 8192k, CORE 0k, NPROC 709, NOFILE 10240, AS infinity
load average:1.93 1.81 1.74

CPU:total 8 (4 cores per cpu, 2 threads per core) family 6 model 70 stepping 1, cmov, cx8, fxsr, mmx, sse, sse2, sse3, ssse3, sse4.1, sse4.2, popcnt, avx, avx2, aes, clmul, erms, rtm, lzcnt, ht, tsc, tscinvbit, bmi1, bmi2

Memory: 4k page, physical 16777216k(2194384k free)

/proc/meminfo:


vm_info: Java HotSpot(TM) 64-Bit Server VM (25.65-b01) for bsd-amd64 JRE (1.8.0_65-b17), built on Oct  6 2015 15:36:46 by "java_re" with gcc 4.2.1 (Based on Apple Inc. build 5658) (LLVM build 2336.11.00)

time: Thu Mar 16 12:29:47 2017
elapsed time: 941 seconds (0d 0h 15m 41s)

